# Collective test starting: alltoall_perf
# nThread 1 nGpus 1 minBytes 4 maxBytes 8589934592 step: 2(factor) warmup iters: 5 iters: 20 agg iters: 1 validation: 1 graph: 0
#
rccl-tests: Version Unknown 
# Using devices
#  Rank  0 Group  0 Pid  85872 on amd-mi355x-5 device  0 [0000:05:00] AMD Instinct MI355X
#  Rank  1 Group  0 Pid  85873 on amd-mi355x-5 device  1 [0000:15:00] AMD Instinct MI355X
#  Rank  2 Group  0 Pid  85874 on amd-mi355x-5 device  2 [0000:65:00] AMD Instinct MI355X
#  Rank  3 Group  0 Pid  85875 on amd-mi355x-5 device  3 [0000:75:00] AMD Instinct MI355X
#
#                                                              out-of-place                       in-place          
#       size         count      type   redop    root     time   algbw   busbw #wrong     time   algbw   busbw #wrong                               
#        (B)    (elements)                               (us)  (GB/s)  (GB/s)            (us)  (GB/s)  (GB/s)                                      
           0             0     float    none      -1     0.06    0.00    0.00      0     0.04    0.00    0.00    N/A
           0             0     float    none      -1     0.04    0.00    0.00      0     0.04    0.00    0.00    N/A
           0             0     float    none      -1     0.04    0.00    0.00      0     0.04    0.00    0.00    N/A
           0             0     float    none      -1     0.04    0.00    0.00      0     0.04    0.00    0.00    N/A
          64             4     float    none      -1    97.93    0.00    0.00      0    95.91    0.00    0.00    N/A
         128             8     float    none      -1    96.62    0.00    0.00      0    96.85    0.00    0.00    N/A
         256            16     float    none      -1    96.85    0.00    0.00      0    100.2    0.00    0.00    N/A
         512            32     float    none      -1    92.73    0.01    0.00      0    93.00    0.01    0.00    N/A
        1024            64     float    none      -1    94.76    0.01    0.01      0    102.5    0.01    0.01    N/A
        2048           128     float    none      -1    99.60    0.02    0.02      0    98.08    0.02    0.02    N/A
        4096           256     float    none      -1    100.4    0.04    0.03      0    92.93    0.04    0.03    N/A
        8192           512     float    none      -1    96.49    0.08    0.06      0    95.53    0.09    0.06    N/A
       16384          1024     float    none      -1    104.9    0.16    0.12      0    102.1    0.16    0.12    N/A
       32768          2048     float    none      -1    97.60    0.34    0.25      0    96.50    0.34    0.25    N/A
       65536          4096     float    none      -1    101.8    0.64    0.48      0    102.6    0.64    0.48    N/A
      131072          8192     float    none      -1    100.1    1.31    0.98      0    99.02    1.32    0.99    N/A
      262144         16384     float    none      -1    97.65    2.68    2.01      0    102.0    2.57    1.93    N/A
      524288         32768     float    none      -1    100.4    5.22    3.91      0    95.94    5.46    4.10    N/A
     1048576         65536     float    none      -1    97.80   10.72    8.04      0    94.27   11.12    8.34    N/A
     2097152        131072     float    none      -1    96.30   21.78   16.33      0    96.82   21.66   16.25    N/A
     4194304        262144     float    none      -1    91.00   46.09   34.57      0    92.20   45.49   34.12    N/A
     8388608        524288     float    none      -1    96.22   87.18   65.39      0    96.12   87.27   65.45    N/A
    16777216       1048576     float    none      -1    118.8  141.18  105.88      0    119.0  141.04  105.78    N/A
    33554432       2097152     float    none      -1    194.9  172.14  129.10      0    194.9  172.18  129.13    N/A
    67108864       4194304     float    none      -1    353.2  189.99  142.49      0    353.2  190.00  142.50    N/A
   134217728       8388608     float    none      -1    666.9  201.24  150.93      0    666.8  201.27  150.95    N/A
   268435456      16777216     float    none      -1   1289.1  208.23  156.17      0   1289.5  208.16  156.12    N/A
   536870912      33554432     float    none      -1   2527.7  212.39  159.30      0   2525.6  212.58  159.43    N/A
  1073741824      67108864     float    none      -1   5005.1  214.53  160.90      0   5029.5  213.49  160.12    N/A
  2147483648     134217728     float    none      -1    10001  214.72  161.04      0   9987.7  215.01  161.26    N/A
  4294967296     268435456     float    none      -1    19912  215.70  161.77      0    19927  215.54  161.66    N/A
  8589934592     536870912     float    none      -1    39780  215.94  161.95      0    39738  216.16  162.12    N/A
# Errors with asterisks indicate errors that have exceeded the maximum threshold.
# Out of bounds values : 0 OK
# Avg bus bandwidth    : 50.6717 
#
# Collective test concluded: alltoall_perf

