# Collective test starting: all_reduce_perf
# nThread 1 nGpus 1 minBytes 4 maxBytes 8589934592 step: 2(factor) warmup iters: 5 iters: 20 agg iters: 1 validation: 1 graph: 0
#
rccl-tests: Version Unknown 
# Using devices
#  Rank  0 Group  0 Pid  86341 on amd-mi355x-5 device  0 [0000:05:00] AMD Instinct MI355X
#  Rank  1 Group  0 Pid  86342 on amd-mi355x-5 device  1 [0000:15:00] AMD Instinct MI355X
#  Rank  2 Group  0 Pid  86343 on amd-mi355x-5 device  2 [0000:65:00] AMD Instinct MI355X
#  Rank  3 Group  0 Pid  86344 on amd-mi355x-5 device  3 [0000:75:00] AMD Instinct MI355X
#  Rank  4 Group  0 Pid  86345 on amd-mi355x-5 device  4 [0000:85:00] AMD Instinct MI355X
#  Rank  5 Group  0 Pid  86346 on amd-mi355x-5 device  5 [0000:95:00] AMD Instinct MI355X
#  Rank  6 Group  0 Pid  86347 on amd-mi355x-5 device  6 [0000:e5:00] AMD Instinct MI355X
#  Rank  7 Group  0 Pid  86348 on amd-mi355x-5 device  7 [0000:f5:00] AMD Instinct MI355X
#
#                                                              out-of-place                       in-place          
#       size         count      type   redop    root     time   algbw   busbw #wrong     time   algbw   busbw #wrong                               
#        (B)    (elements)                               (us)  (GB/s)  (GB/s)            (us)  (GB/s)  (GB/s)                                      
           4             1     float     sum      -1    36.83    0.00    0.00      0    34.52    0.00    0.00      0
           8             2     float     sum      -1    34.42    0.00    0.00      0    34.29    0.00    0.00      0
          16             4     float     sum      -1    43.13    0.00    0.00      0    34.26    0.00    0.00      0
          32             8     float     sum      -1    36.83    0.00    0.00      0    40.51    0.00    0.00      0
          64            16     float     sum      -1    41.50    0.00    0.00      0    41.32    0.00    0.00      0
         128            32     float     sum      -1    50.53    0.00    0.00      0    50.16    0.00    0.00      0
         256            64     float     sum      -1    50.00    0.01    0.01      0    50.35    0.01    0.01      0
         512           128     float     sum      -1    50.64    0.01    0.02      0    50.51    0.01    0.02      0
        1024           256     float     sum      -1    51.89    0.02    0.03      0    51.54    0.02    0.03      0
        2048           512     float     sum      -1    52.21    0.04    0.07      0    51.04    0.04    0.07      0
        4096          1024     float     sum      -1    52.67    0.08    0.14      0    51.90    0.08    0.14      0
        8192          2048     float     sum      -1    54.64    0.15    0.26      0    53.53    0.15    0.27      0
       16384          4096     float     sum      -1    59.12    0.28    0.48      0    57.40    0.29    0.50      0
       32768          8192     float     sum      -1    62.08    0.53    0.92      0    59.00    0.56    0.97      0
       65536         16384     float     sum      -1    61.06    1.07    1.88      0    58.65    1.12    1.96      0
      131072         32768     float     sum      -1    63.03    2.08    3.64      0    59.92    2.19    3.83      0
      262144         65536     float     sum      -1    60.85    4.31    7.54      0    59.40    4.41    7.72      0
      524288        131072     float     sum      -1    57.92    9.05   15.84      0    58.02    9.04   15.81      0
     1048576        262144     float     sum      -1    58.20   18.02   31.53      0    58.34   17.97   31.45      0
     2097152        524288     float     sum      -1    59.89   35.02   61.28      0    59.87   35.03   61.30      0
     4194304       1048576     float     sum      -1    70.88   59.17  103.55      0    70.56   59.44  104.02      0
     8388608       2097152     float     sum      -1    85.40   98.23  171.91      0    85.65   97.94  171.39      0
    16777216       4194304     float     sum      -1    117.4  142.92  250.10      0    117.7  142.48  249.35      0
    33554432       8388608     float     sum      -1    192.3  174.46  305.30      0    192.5  174.26  304.96      0
    67108864      16777216     float     sum      -1    334.3  200.77  351.34      0    333.8  201.06  351.86      0
   134217728      33554432     float     sum      -1    616.4  217.75  381.07      0    616.7  217.63  380.85      0
   268435456      67108864     float     sum      -1   1188.4  225.87  395.28      0   1189.9  225.60  394.79      0
   536870912     134217728     float     sum      -1   2356.8  227.79  398.64      0   2354.6  228.00  399.01      0
  1073741824     268435456     float     sum      -1   4686.5  229.11  400.95      0   4684.6  229.21  401.12      0
  2147483648     536870912     float     sum      -1   9248.7  232.19  406.34      0   9239.9  232.41  406.72      0
  4294967296    1073741824     float     sum      -1    18447  232.83  407.45      0    18465  232.59  407.04      0
  8589934592    2147483648     float     sum      -1    37700  227.85  398.74      0    36974  232.33  406.57      0
# Errors with asterisks indicate errors that have exceeded the maximum threshold.
# Out of bounds values : 0 OK
# Avg bus bandwidth    : 128.064 
#
# Collective test concluded: all_reduce_perf

