[1760604834.935748] [02226bd433a2:9263 :0]          parser.c:2033 UCX  WARN  unused environment variable: UCX_INSTALL_PREFIX
[1760604834.935748] [02226bd433a2:9263 :0]          parser.c:2033 UCX  WARN  (set UCX_WARN_UNUSED_ENV_VARS=n to suppress this warning)
# Collective test starting: all_gather_perf
# nThread 1 nGpus 6 minBytes 4 maxBytes 134217728 step: 2(factor) warmup iters: 5 iters: 20 agg iters: 1 validation: 1 graph: 0
#
rccl-tests: Version Unknown 
# Using devices
#  Rank  0 Group  0 Pid   9263 on 02226bd433a2 device  0 [0000:75:00] 
#  Rank  1 Group  0 Pid   9263 on 02226bd433a2 device  1 [0000:05:00] 
#  Rank  2 Group  0 Pid   9263 on 02226bd433a2 device  2 [0000:65:00] 
#  Rank  3 Group  0 Pid   9263 on 02226bd433a2 device  3 [0000:15:00] 
#  Rank  4 Group  0 Pid   9263 on 02226bd433a2 device  4 [0000:f5:00] 
#  Rank  5 Group  0 Pid   9263 on 02226bd433a2 device  5 [0000:85:00] 
#
#                                                              out-of-place                       in-place          
#       size         count      type   redop    root     time   algbw   busbw #wrong     time   algbw   busbw #wrong                               
#        (B)    (elements)                               (us)  (GB/s)  (GB/s)            (us)  (GB/s)  (GB/s)                                      
           0             0     float    none      -1     0.99    0.00    0.00      0     0.94    0.00    0.00      0
           0             0     float    none      -1     0.91    0.00    0.00      0     0.92    0.00    0.00      0
           0             0     float    none      -1     0.91    0.00    0.00      0     1.18    0.00    0.00      0
           0             0     float    none      -1     0.93    0.00    0.00      0     0.96    0.00    0.00      0
           0             0     float    none      -1     0.95    0.00    0.00      0     0.93    0.00    0.00      0
          96             4     float    none      -1    39.57    0.00    0.00      0    41.72    0.00    0.00      0
         192             8     float    none      -1    36.50    0.01    0.00      0    42.78    0.00    0.00      0
         480            20     float    none      -1    36.11    0.01    0.01      0    41.86    0.01    0.01      0
         960            40     float    none      -1    35.10    0.03    0.02      0    36.18    0.03    0.02      0
        2016            84     float    none      -1    35.56    0.06    0.05      0    35.80    0.06    0.05      0
        4032           168     float    none      -1    29.38    0.14    0.11      0    28.75    0.14    0.12      0
        8160           340     float    none      -1    29.00    0.28    0.23      0    29.10    0.28    0.23      0
       16320           680     float    none      -1    33.59    0.49    0.40      0    33.00    0.49    0.41      0
       32736          1364     float    none      -1    35.70    0.92    0.76      0    33.60    0.97    0.81      0
       65472          2728     float    none      -1    36.01    1.82    1.52      0    33.97    1.93    1.61      0
      131040          5460     float    none      -1    30.24    4.33    3.61      0    29.88    4.39    3.65      0
      262080         10920     float    none      -1    31.12    8.42    7.02      0    30.19    8.68    7.23      0
      524256         21844     float    none      -1    35.25   14.87   12.40      0    34.12   15.37   12.81      0
     1048512         43688     float    none      -1    47.43   22.11   18.42      0    45.45   23.07   19.22      0
     2097120         87380     float    none      -1    71.23   29.44   24.53      0    67.74   30.96   25.80      0
     4194240        174760     float    none      -1    118.3   35.44   29.53      0    111.6   37.59   31.32      0
     8388576        349524     float    none      -1    213.8   39.23   32.69      0    197.0   42.57   35.48      0
    16777152        699048     float    none      -1    394.8   42.50   35.41      0    364.9   45.98   38.32      0
    33554400       1398100     float    none      -1    767.1   43.74   36.45      0    702.6   47.75   39.80      0
    67108800       2796200     float    none      -1   1493.5   44.93   37.44      0   1374.5   48.82   40.69      0
   134217696       5592404     float    none      -1   2900.9   46.27   38.56      0   2656.8   50.52   42.10      0
# Errors with asterisks indicate errors that have exceeded the maximum threshold.
# Out of bounds values : 0 OK
# Avg bus bandwidth    : 11.1322 
#
# Collective test concluded: all_gather_perf

