# Collective test starting: alltoall_perf
# nThread 1 nGpus 1 minBytes 4 maxBytes 8589934592 step: 2(factor) warmup iters: 5 iters: 20 agg iters: 1 validation: 1 graph: 0
#
rccl-tests: Version Unknown 
# Using devices
#  Rank  0 Group  0 Pid 118163 on amd-mi355x-5 device  0 [0000:05:00] AMD Instinct MI355X
#  Rank  1 Group  0 Pid 118164 on amd-mi355x-5 device  1 [0000:15:00] AMD Instinct MI355X
#  Rank  2 Group  0 Pid 100410 on amd-mi355x-6 device  0 [0000:05:00] AMD Instinct MI355X
#  Rank  3 Group  0 Pid 100411 on amd-mi355x-6 device  1 [0000:15:00] AMD Instinct MI355X
#
#                                                              out-of-place                       in-place          
#       size         count      type   redop    root     time   algbw   busbw #wrong     time   algbw   busbw #wrong                               
#        (B)    (elements)                               (us)  (GB/s)  (GB/s)            (us)  (GB/s)  (GB/s)                                      
           0             0     float    none      -1     0.17    0.00    0.00      0     0.04    0.00    0.00    N/A
           0             0     float    none      -1     0.04    0.00    0.00      0     0.04    0.00    0.00    N/A
           0             0     float    none      -1     0.04    0.00    0.00      0     0.04    0.00    0.00    N/A
           0             0     float    none      -1     0.04    0.00    0.00      0     0.04    0.00    0.00    N/A
          64             4     float    none      -1    53.24    0.00    0.00      0    48.43    0.00    0.00    N/A
         128             8     float    none      -1    50.02    0.00    0.00      0    51.52    0.00    0.00    N/A
         256            16     float    none      -1    53.12    0.00    0.00      0    53.28    0.00    0.00    N/A
         512            32     float    none      -1    51.34    0.01    0.01      0    51.68    0.01    0.01    N/A
        1024            64     float    none      -1    49.97    0.02    0.02      0    49.62    0.02    0.02    N/A
        2048           128     float    none      -1    48.64    0.04    0.03      0    50.15    0.04    0.03    N/A
        4096           256     float    none      -1    50.40    0.08    0.06      0    48.90    0.08    0.06    N/A
        8192           512     float    none      -1    50.39    0.16    0.12      0    52.47    0.16    0.12    N/A
       16384          1024     float    none      -1    51.76    0.32    0.24      0    49.66    0.33    0.25    N/A
       32768          2048     float    none      -1    50.89    0.64    0.48      0    51.84    0.63    0.47    N/A
       65536          4096     float    none      -1    50.59    1.30    0.97      0    49.33    1.33    1.00    N/A
      131072          8192     float    none      -1    52.72    2.49    1.86      0    53.44    2.45    1.84    N/A
      262144         16384     float    none      -1    61.05    4.29    3.22      0    59.56    4.40    3.30    N/A
      524288         32768     float    none      -1    64.49    8.13    6.10      0    65.25    8.03    6.03    N/A
     1048576         65536     float    none      -1    75.94   13.81   10.36      0    72.75   14.41   10.81    N/A
     2097152        131072     float    none      -1    97.87   21.43   16.07      0    96.25   21.79   16.34    N/A
     4194304        262144     float    none      -1    121.1   34.64   25.98      0    120.7   34.74   26.05    N/A
     8388608        524288     float    none      -1    178.5   46.99   35.25      0    177.0   47.39   35.54    N/A
    16777216       1048576     float    none      -1    314.7   53.31   39.98      0    310.0   54.12   40.59    N/A
    33554432       2097152     float    none      -1    582.5   57.60   43.20      0    582.2   57.63   43.22    N/A
    67108864       4194304     float    none      -1   1123.9   59.71   44.78      0   1121.3   59.85   44.89    N/A
   134217728       8388608     float    none      -1   2029.9   66.12   49.59      0   1850.8   72.52   54.39    N/A
   268435456      16777216     float    none      -1   3637.6   73.79   55.35      0   3470.3   77.35   58.01    N/A
   536870912      33554432     float    none      -1   7199.5   74.57   55.93      0   6874.5   78.10   58.57    N/A
  1073741824      67108864     float    none      -1    14350   74.83   56.12      0    13726   78.23   58.67    N/A
  2147483648     134217728     float    none      -1    28624   75.02   56.27      0    27351   78.52   58.89    N/A
  4294967296     268435456     float    none      -1    57176   75.12   56.34      0    54799   78.38   58.78    N/A
  8589934592     536870912     float    none      -1   114398   75.09   56.32      0   109707   78.30   58.72    N/A
# Errors with asterisks indicate errors that have exceeded the maximum threshold.
# Out of bounds values : 0 OK
# Avg bus bandwidth    : 19.5509 
#
# Collective test concluded: alltoall_perf

