amd-mi355x-5:122433:122433 [0] NCCL INFO [rocprofiler-sdk-rccl][ = 122433 ] rocprofiler-register returned code = 1 : rocprofiler-register found no tools
amd-mi355x-5:122427:122427 NCCL CALL ncclGroupStart()
amd-mi355x-5:122434:122434 [7] NCCL INFO ROCr version 1.18
amd-mi355x-5:122434:122434 [7] NCCL INFO Dmabuf feature disabled without NCCL_DMABUF_ENABLE=1
amd-mi355x-5:122432:122432 [5] NCCL INFO Kernel version: 6.8.0-85-generic
amd-mi355x-5:122434:122434 [7] NCCL INFO Bootstrap: Using enp9s0:172.65.1.38<0>
amd-mi355x-5:122429:122429 [3] NCCL INFO RCCL version : 2.26.6-Unknown 
HIP version  : 7.0.51831-7c9236b16
ROCm version : 7.0.2.0-56-9428210
Hostname     : amd-mi355x-5
Librccl path : /home/dn/amd-dev/amd/rccl/build/release/librccl.so.1
amd-mi355x-5:122432:122432 [5] NCCL INFO /workspace/rccl/build/release/hipify/src/init.cc:2301 Cuda Host Alloc Size 4 pointer 0x7303801ca000
amd-mi355x-5:122428:122514 [2] NCCL INFO NET/Plugin: Could not find: librccl-net.so. Using internal net plugin.
amd-mi355x-5:122428:122514 [2] NCCL INFO NET/IB : Made virtual device [0] name=ionic_0 speed=400000 ndevs=1
amd-mi355x-5:122428:122514 [2] NCCL INFO NET/IB : Made virtual device [1] name=ionic_1 speed=400000 ndevs=1
amd-mi355x-5:122428:122514 [2] NCCL INFO NET/IB : Made virtual device [2] name=ionic_2 speed=400000 ndevs=1
amd-mi355x-5:122428:122514 [2] NCCL INFO NET/IB : Made virtual device [3] name=ionic_3 speed=400000 ndevs=1
amd-mi355x-5:122428:122514 [2] NCCL INFO NET/IB : Made virtual device [4] name=ionic_4 speed=400000 ndevs=1
amd-mi355x-5:122428:122514 [2] NCCL INFO NET/IB : Made virtual device [5] name=ionic_5 speed=400000 ndevs=1
amd-mi355x-5:122428:122514 [2] NCCL INFO NET/IB : Made virtual device [6] name=ionic_6 speed=400000 ndevs=1
amd-mi355x-5:122428:122514 [2] NCCL INFO NET/IB : Made virtual device [7] name=ionic_7 speed=400000 ndevs=1
amd-mi355x-5:122428:122514 [2] NCCL INFO NET/IB : Using [0]ionic_0:1/RoCE [1]ionic_1:1/RoCE [2]ionic_2:1/RoCE [3]ionic_3:1/RoCE [4]ionic_4:1/RoCE [5]ionic_5:1/RoCE [6]ionic_6:1/RoCE [7]ionic_7:1/RoCE [RO]; OOB enp9s0:172.65.1.38<0>
amd-mi355x-5:122428:122514 [2] NCCL INFO Found /sys/memory_peers/amdkfd/version
amd-mi355x-5:122428:122514 [2] NCCL INFO PROFILER/Plugin: Could not find: librccl-profiler.so. 
amd-mi355x-5:122428:122514 [2] NCCL INFO Using network IB
amd-mi355x-5:122428:122514 [2] NCCL INFO [node_id = 3; gpu_id = 27226; unique_id = 1022175010266229075; location_id = 5376; bdf = 5376; domain = 0; partition = 0], 
amd-mi355x-5:122428:122514 [2] NCCL INFO [node_id = 5; gpu_id = 17010; unique_id = 4544422146289817509; location_id = 29952; bdf = 29952; domain = 0; partition = 0], 
amd-mi355x-5:122428:122514 [2] NCCL INFO [node_id = 8; gpu_id = 11806; unique_id = 4757268079107243702; location_id = 58624; bdf = 58624; domain = 0; partition = 0], 
amd-mi355x-5:122428:122514 [2] NCCL INFO [node_id = 2; gpu_id = 42583; unique_id = 5157933810006956973; location_id = 1280; bdf = 1280; domain = 0; partition = 0], 
amd-mi355x-5:122428:122514 [2] NCCL INFO [node_id = 7; gpu_id = 51771; unique_id = 7286717417891093911; location_id = 38144; bdf = 38144; domain = 0; partition = 0], 
amd-mi355x-5:122428:122514 [2] NCCL INFO [node_id = 6; gpu_id = 1590; unique_id = 9967039464391061617; location_id = 34048; bdf = 34048; domain = 0; partition = 0], 
amd-mi355x-5:122428:122514 [2] NCCL INFO [node_id = 9; gpu_id = 57875; unique_id = 11892206129309172213; location_id = 62720; bdf = 62720; domain = 0; partition = 0], 
amd-mi355x-5:122428:122514 [2] NCCL INFO [node_id = 4; gpu_id = 36479; unique_id = 14160246057301295832; location_id = 25856; bdf = 25856; domain = 0; partition = 0], 
amd-mi355x-5:122428:122514 [2] NCCL INFO initialized internal alternative rsmi functionality
amd-mi355x-5:122430:122512 [4] NCCL INFO /workspace/rccl/build/release/hipify/src/init.cc:623 Cuda Alloc Size 524288 pointer 0x71cbb0000000 flags 0
amd-mi355x-5:122430:122512 [4] NCCL INFO /workspace/rccl/build/release/hipify/src/init.cc:624 Cuda Alloc Size 33554432 pointer 0x71cbade00000 flags 0
amd-mi355x-5:122430:122512 [4] NCCL INFO ncclCommInitRank_impl comm 0x28e3fc20 rank 4 nranks 16 cudaDev 4 nvmlDev 4 busId 85000 commId 0x6cdf408afa1ed52b - Init START
amd-mi355x-5:122432:122517 [5] NCCL INFO RAS network listening socket at 172.65.1.38<50689>
amd-mi355x-5:122432:122517 [5] NCCL INFO RAS client listening socket at 127.0.0.1<28028>
amd-mi355x-5:122432:122517 [5] NCCL INFO Mem Realloc old size 0, new size 256 pointer 0x72c338053260
amd-mi355x-5:122432:122595 [0] NCCL INFO RAS thread started
amd-mi355x-5:122432:122595 [0] NCCL INFO Mem Realloc old size 0, new size 32 pointer 0x72c3100010b0amd-mi355x-5:122428:122514 [2] NCCL INFO Bootstrap timings total 0.021465 (create 0.000047, send 0.000099, recv 0.000170, ring 0.016678, delay 0.000000)
amd-mi355x-5:122428:122591 [0] NCCL INFO RAS handling local addRanks request (old nRasPeers 0)
amd-mi355x-5:122428:122591 [0] NCCL INFO RAS finished local processing of addRanks request (new nRasPeers 16, nRankPeers 16)
amd-mi355x-5:122428:122591 [0] NCCL INFO RAS link 1: opening new primary connection with 172.65.1.38<50053>
amd-mi355x-5:122428:122591 [0] NCCL INFO RAS link -1: calculated deferred primary connection with 172.65.1.38<46533>
aamd-mi355x-5:122430:122594 [0] NCCL INFO Mem Realloc old size 32, new size 64 pointer 0x71cba8001bd0
amd-mi355x-5:122430:122594 [0] NCCL INFO RAS new incoming socket connection from 172.65.1.38<46974>amd-mi355x-5:122427:122592 [0] NCCL INFO RAS handling connInitAck from 172.65.1.38<53181> (nack 0)
amd-mi355x-5:122427:122592 [0] NCCL INFO RAS established connection with 172.65.1.38<53aamd-mi355x-5:122432:122595 [0] NCCL INFO RAS handling connInitAck from 172.65.1.38<52093> (nack 0)
amd-mi355x-5:122432:122595 [0] NCCL INFO RAS established connection with 172.65.1.38<52093> (sendQ empty, experiencingDelays 0, startRetryTime 0.00s)aamd-mi355x-5:122432:122517 [5] NCCL INFO initialized internal alternative rsmi functionalityaamd-mi355x-5:122432:122517 [5] NCCL INFO TOPO/NET : Importing network plugins to topology
amd-mi355x-5:122432:122517 [5] NCCL INFO Retrieving state for IB
amd-mi355x-5:122432:122517 [5] NCCL INFO Initialized state 0 for IBaamd-mi355x-5:122432:122517 [5] NCCL INFO NET/IB : GPU Direct RDMA Enabled for HCA 0 'ionic_0'
amd-mi355x-5:122432:122517 [5] NCCL INFO ncclTopoPopulateNics : Filled ionic_0 in topo with pciPath=/sys/devices/pci0000:00/0000:00:01.1/0000:01:00.0/0000:02:01.0/0000:06:00.0/0000:07:01.0/0000:09:00.0 keep=1 coll=(null)aamd-mi355x-5:122432:122517 [5] NCCL INFO NET/IB : GPU Direct RDMA Enabled for HCA 1 'ionic_1'
amd-mi355x-5:122432:122517 [5] NCCL INFO ncclTopoPopulateNics : Filled ionic_1 in topo with pciPath=/sys/devices/pci0000:10/0000:10:01.1/0000:11:00.0/0000:12:01.0/0000:16:00.0/0000:17:01.0/0000:19:00.0 keep=1 coll=(null)aamd-mi355x-5:122432:122517 [5] NCCL INFO NET/IB : GPU Direct RDMA Enabled for HCA 2 'ionic_2'
amd-mi355x-5:122432:122517 [5] NCCL INFO ncclTopoPopulateNics : Filled ionic_2 in topo with pciPath=/sys/devices/pci0000:60/0000:60:01.1/0000:61:00.0/0000:62:01.0/0000:66:00.0/0000:67:01.0/0000:69:00.0 keep=1 coll=(null)aamd-mi355x-5:122432:122517 [5] NCCL INFO NET/IB : GPU Direct RDMA Enabled for HCA 3 'ionic_3'
amd-mi355x-5:122432:122517 [5] NCCL INFO ncclTopoPopulateNics : Filled ionic_3 in topo with pciPath=/sys/devices/pci0000:70/0000:70:01.1/0000:71:00.0/0000:72:01.0/0000:76:00.0/0000:77:01.0/0000:79:00.0 keep=1 coll=(null)aamd-mi355x-5:122432:122517 [5] NCCL INFO NET/IB : GPU Direct RDMA Enabled for HCA 4 'ionic_4'
amd-mi355x-5:122432:122517 [5] NCCL INFO ncclTopoPopulateNics : Filled ionic_4 in topo with pciPath=/sys/devices/pci0000:80/0000:80:01.1/0000:81:00.0/0000:82:01.0/0000:86:00.0/0000:87:01.0/0000:89:00.0 keep=1 coll=(null)aamd-mi355x-5:122433:122513 [6] NCCL INFO NET/IB : GPU Direct RDMA Enabled for HCA 5 'ionic_5'
amd-mi355x-5:122433:122513 [6] NCCL INFO ncclTopoPopulateNics : Filled ionic_5 in topo with pciPath=/sys/devices/pci0000:90/0000:90:01.1/0000:91:00.0/0000:92:01.0/0000:96:00.0/0000:97:01.0/0000:99:00.0 keep=1 coll=(null)aamd-mi355x-5:122429:122515 [3] NCCL INFO NET/IB : GPU Direct RDMA Enabled for HCA 6 'ionic_6'
amd-mi355x-5:122429:122515 [3] NCCL INFO ncclTopoPopulateNics : Filled ionic_6 in topo with pciPath=/sys/devices/pci0000:e0/0000:e0:01.1/0000:e1:00.0/0000:e2:01.0/0000:e6:00.0/0000:e7:01.0/0000:e9:00.0 keep=1 coll=(null)aamd-mi355x-5:122429:122515 [3] NCCL INFO NET/IB : GPU Direct RDMA Enabled for HCA 7 'ionic_7'
amd-mi355x-5:122429:122515 [3] NCCL INFO ncclTopoPopulateNics : Filled ionic_7 in topo with pciPath=/sys/devices/pci0000:f0/0000:f0:01.1/0000:f1:00.0/0000:f2:01.0/0000:f6:00.0/0000:f7:01.0/0000:f9:00.0 keep=1 coll=(null)amd-mi355x-5:122427:122518 [1] NCCL INFO initialized internal alternative rsmi functionality
amd-mi355x-5:122427:122518 [1] NCCL INFO TOPO/NET : Importing network plugins to topology
amd-mi355x-5:122427:122518 [1] NCCL INFO Retrieving staamd-mi355xamd-mi355x-5:122427:122518 [1] NCCL INFO NET/IB : GPU Direct RDMA Enabled for HCA 0amd-mi355x-5:122426:122511 [0] NCCL INFO TOPO/NET : Importing network plugins to topology
amd-mi355x-5:122426:122511 [0] NCCL INFO Retrieving state for IB
amd-mi355x-5:122426:122511 [0] NCCL INFO NET/IB : GPU Direct RDMA Enabled for HCA 0 'ionic_0'
amd-mi355x-5:122426:122511 [0] NCCL INFO ncclTopoPopulateNics : Filled ionic_0 in topo with pciPath=/sys/devices/pci0000:00/0000:00:01.1/0000:01:00.0/0000:02:01.0/0000:06:00.0/0000:07:01.0/0000:09:00.0 keep=1 coll=(null)
amd-mi355x-5:122426:122511 [0] NCCL INFO NET/IB : GPU Direct RDMA Enabled for HCA 1 'ionic_1'
amd-mi355x-5:122426:122511 [0] NCCL INFO ncclTopoPopulateNics : Filled ionic_1 in topo with pciPath=/sys/devices/pci0000:10/0000:10:01.1/0000:11:00.0/0000:12:01.0/0000:16:00.0/0000:17:01.0/0000:19:00.0 keep=1 coll=(null)
amd-mi355x-5:122426:122511 [0] NCCL INFO NET/IB : GPU Direct RDMA Enabled for HCA 2 'ionic_2'
amd-mi355x-5:122426:122511 [0] NCCL INFO ncclTopoPopulateNics : Filled ionic_2 in topo with pciPath=/sys/devices/pci0000:60/0000:60:01.1/0000:61:00.0/0000:62:01.0/0000:66:00.0/0000:67:01.0/0000:69:00.0 keep=1 coll=(null)
amd-mi355x-5:122426:122511 [0] NCCL INFO NET/IB : GPU Direct RDMA Enabled for amd-mi355x-5:122432:122517 [5] NCCL INFO NET/IB : GPU Direct RDMA Enabled for HCA 4 'ionic_4'
amd-mi355x-5:122432:122517 [5] NCCL INFO ncclTopoPopulateNics : Filled ionic_4 in topo with pciPath=/sys/devices/pci0000:80/0000:80:01.1/0000:8amd-mi355x-5:122426:122511 [0] NCCL INFO NET/IB : GPU Direct RDMA Enabled for HCA 4 'ionic_4'
amd-mi355x-5:122426:122511 [0] NCCL INFO ncclTopoPopulateNics : Filled ionic_4 in topo with pciPath=/sys/devices/pci0000:80/0000:80:01.1/0000:81:00.0/0000:82:01.0/0000:86:00.0/0000:87:01.0/0000:89:00.0 keep=1 coll=(null)
amd-mi355x-5:122426:122511 [0] NCCL INFO NET/IB : GPU Direct RDMA Enabled foramd-mi355x-5:122427:122518 [1] NCCL INFO NET/IB : GPU Direct RDMA Enabled for HCA 6 'ionic_6'
amd-mi355x-5:122427:122518 [1] NCCL INFO ncclTopoPopulateNics : Filled ionic_6 in topo with pciPath=/sys/devices/pci0000:e0/0000:e0:01.1/0000:e1amd-mi355x-5:122426:122511 [0] NCCL INFO NET/IB : GPU Direct RDMA Enabled foramd-mi355x-5:122427:122518 [1] NCCL INFO NET/IB : GPU Direct RDMA Enabled for HCA 7 'ionic_7'
amd-mi355x-5:122427:122518 [1] NCCL INFO ncclTopoPopulateNics : Filled ionic_7 in topo with pciPath=/sys/devices/pci0000:f0/0000:f0:01.1/0000:f1amd-mi355x-5:122426:122511 [0] NCCL INFO NET/IB : GPU Direct RDMA Enabled foraamd-mi355x-5:122432:122517 [5] NCCL INFO RCCL PXN set as disabled
amd-mi355x-5:122432:122517 [5] NCCL INFO GPU Direct RDMA Enabled for GPU 0 / HCA 0 (distance 5 <= 5), read 0 mode Default
amd-mi355x-5:122432:122517 [5] NCCL INFO GPU Direct RDMA Enabled for GPU 1 / HCA 1 (distance 5 <= 5), read 0 mode Default
amd-mi355x-5:122432:122517 [5] NCCL INFO GPU Direct RDMA Enabled for GPU 2 / HCA 2 (distance 5 <= 5), read 0 mode Default
amd-mi355x-5:122432:122517 [5] NCCL INFO GPU Direct RDMA Enabled for GPU 3 / HCA 3 (distance 5 <= 5), read 0 mode Default
amd-mi355x-5:122432:122517 [5] NCCL INFO GPU Direct RDMA Enabled for GPU 4 / HCA 4 (distance 5 <= 5), read 0 mode Default
amd-mi355x-5:122432:122517 [5] NCCL INFO GPU Direct RDMA Enabled for GPU 5 / HCA 5 (distance 5 <= 5), read 0 mode Default
amd-mi355x-5:122432:122517 [5] NCCL INFO GPU Direct RDMA Enabled for GPU 6 / HCA 6 (distance 5 <= 5), read 0 mode Default
amd-mi355x-5:122432:122517 [5] NCCL INFO GPU Direct RDMA Enabled for GPU 7 / HCA 7 (distance 5 <= 5), read 0 mode Default
amd-mi355x-5:122432:122517 [5] NCCL INFO GPU Direct RDMA Enabled for GPU 0 / HCA 0 (distance 5 <= 5), read 1 mode Default
amd-mi355x-5:122432:122517 [5] NCCL INFO GPU Direct RDMA Enabled for GPU 1 / HCA 1 (distance 5 <= 5), read 1 mode Default
amd-mi355x-5:122432:122517 [5] NCCL INFO GPU Direct RDMA Enabled for GPU 2 / HCA 2 (distance 5 <= 5), read 1 mode Default
amd-mi355x-5:122432:122517 [5] NCCL INFO GPU Direct RDMA Enabled for GPU 3 / HCA 3 (distance 5 <= 5), read 1 mode Default
amd-mi355x-5:122432:122517 [5] NCCL INFO GPU Direct RDMA Enabled for GPU 4 / HCA 4 (distance 5 <= 5), read 1 mode Default
amd-mi355x-5:122432:122517 [5] NCCL INFO GPU Direct RDMA Enabled for GPU 5 / HCA 5 (distance 5 <= 5), read 1 mode Default
amd-mi355x-5:122432:122517 [5] NCCL INFO GPU Direct RDMA Enabled for GPU 6 / HCA 6 (distance 5 <= 5), read 1 mode Default
amd-mi355x-5:122432:122517 [5] NCCL INFO GPU Direct RDMA Enabled for GPU 7 / HCA 7 (distance 5 <= 5), read 1 mode Default
amd-mi355x-5:122432:122517 [5] NCCL INFO GPU Direct RDMA Enabled for GPU 0 / HCA 0 (distance 5 <= 5), read 0 mode Default
amd-mi355x-5:122432:122517 [5] NCCL INFO GPU Direct RDMA Enabled for GPU 1 / HCA 1 (distance 5 <= 5), read 0 mode Default
amd-mi355x-5:122432:122517 [5] NCCL INFO GPU Direct RDMA Enabled for GPU 2 / HCA 2 (distance 5 <= 5), read 0 mode Default
amd-mi355x-5:122432:122517 [5] NCCL INFO GPU Direct RDMA Enabled for GPU 3 / HCA 3 (distance 5 <= 5), read 0 mode Default
amd-mi355x-5:122432:122517 [5] NCCL INFO GPU Direct RDMA Enabled for GPU 4 / HCA 4 (distance 5 <= 5), read 0 mode Default
amd-mi355x-5:122432:122517 [5] NCCL INFO GPU Direct RDMA Enabled for GPU 5 / HCA 5 (distance 5 <= 5), read 0 mode Default
amd-mi355x-5:122432:122517 [5] NCCL INFO GPU Direct RDMA Enabled for GPU 6 / HCA 6 (distance 5 <= 5), read 0 mode Default
amd-mi355x-5:122432:122517 [5] NCCL INFO GPU Direct RDMA Enabled for GPU 7 / HCA 7 (distance 5 <= 5), read 0 mode Default
amd-mi355x-5:122432:122517 [5] NCCL INFO === System : maxBw 48.0 totalBw 336.0 ===
amd-mi355x-5:122432:122517 [5] NCCL INFO CPU/0-0 (1/2/5)
amd-mi355x-5:122432:122517 [5] NCCL INFO + PCI[48.0] - PCI/0-1000 (1000c03015d91d72)
amd-mi355x-5:122432:122517 [5] NCCL INFO               + PCI[48.0] - PCI/0-3000 (1022150010221500)
amd-mi355x-5:122432:122517 [5] NCCL INFO                             + PCI[48.0] - GPU/0-5000 (0)
amd-mi355x-5:122432:122517 [5] NCCL INFO                                           + XGMI[48.0] - GPU/0-15000
amd-mi355x-5:122432:122517 [5] NCCL INFO                                           + XGMI[48.0] - GPU/0-65000
amd-mi355x-5:122432:122517 [5] NCCL INFO                                           + XGMI[48.0] - GPU/0-75000
amd-mi355x-5:122432:122517 [5] NCCL INFO                                           + XGMI[48.0] - GPU/0-85000
amd-mi355x-5:122432:122517 [5] NCCL INFO                                           + XGMI[48.0] - GPU/0-95000
amd-mi355x-5:122432:122517 [5] NCCL INFO                                           + XGMI[48.0] - GPU/0-e5000
amd-mi355x-5:122432:122517 [5] NCCL INFO                                           + XGMI[48.0] - GPU/0-f5000
amd-mi355x-5:122432:122517 [5] NCCL INFO               + PCI[48.0] - PCI/0-6000 (1dd800081dd85201)
amd-mi355x-5:122432:122517 [5] NCCL INFO                             + PCI[48.0] - NIC/0-9000
amd-mi355x-5:122432:122517 [5] NCCL INFO                                           + NET[50.0] - NET/0-0 (0/307a49feff819006/1/50.000000)
amd-mi355x-5:122432:122517 [5] NCCL INFO + PCI[48.0] - PCI/0-11000 (1000c03015d91d72)
amd-mi355x-5:122432:122517 [5] NCCL INFO               + PCI[48.0] - PCI/0-16000 (1dd800081dd85201)
amd-mi355x-5:122432:122517 [5] NCCL INFO                             + PCI[48.0] - NIC/0-19000
amd-mi355x-5:122432:122517 [5] NCCL INFO                                           + NET[50.0] - NET/0-1 (0/804b49feff819006/1/50.000000)
amd-mi355x-5:122432:122517 [5] NCCL INFO               + PCI[48.0] - PCI/0-13000 (1022150010221500)
amd-mi355x-5:122432:122517 [5] NCCL INFO                             + PCI[48.0] - GPU/0-15000 (1)
amd-mi355x-5:122432:122517 [5] NCCL INFO                                           + XGMI[48.0] - GPU/0-5000
amd-mi355x-5:122432:122517 [5] NCCL INFO                                           + XGMI[48.0] - GPU/0-65000
amd-mi355x-5:122432:122517 [5] NCCL INFO                                           + XGMI[48.0] - GPU/0-75000
amd-mi355x-5:122432:122517 [5] NCCL INFO                                           + XGMI[48.0] - GPU/0-85000
amd-mi355x-5:122432:122517 [5] NCCL INFO                                           + XGMI[48.0] - GPU/0-95000
amd-mi355x-5:122432:122517 [5] NCCL INFO                                           + XGMI[48.0] - GPU/0-e5000
amd-mi355x-5:122432:122517 [5] NCCL INFO                                           + XGMI[48.0] - GPU/0-f5000
amd-mi355x-5:122432:122517 [5] NCCL INFO + PCI[48.0] - PCI/0-61000 (1000c03015d91d72)
amd-mi355x-5:122432:122517 [5] NCCL INFO               + PCI[48.0] - PCI/0-66000 (1dd800081dd85201)
amd-mi355x-5:122432:122517 [5] NCCL INFO                             + PCI[48.0] - NIC/0-69000
amd-mi355x-5:122432:122517 [5] NCCL INFO                                           + NET[50.0] - NET/0-2 (0/884649feff819006/1/50.000000)
amd-mi355x-5:122432:122517 [5] NCCL INFO               + PCI[48.0] - PCI/0-63000 (1022150010221500)
amd-mi355x-5:122432:122517 [5] NCCL INFO                             + PCI[48.0] - GPU/0-65000 (2)
amd-mi355x-5:122432:122517 [5] NCCL INFO                                           + XGMI[48.0] - GPU/0-5000
amd-mi355x-5:122432:122517 [5] NCCL INFO                                           + XGMI[48.0] - GPU/0-15000
amd-mi355x-5:122432:122517 [5] NCCL INFO                                           + XGMI[48.0] - GPU/0-75000
amd-mi355x-5:122432:122517 [5] NCCL INFO                                           + XGMI[48.0] - GPU/0-85000
amd-mi355x-5:122432:122517 [5] NCCL INFO                                           + XGMI[48.0] - GPU/0-95000
amd-mi355x-5:122432:122517 [5] NCCL INFO                                           + XGMI[48.0] - GPU/0-e5000
amd-mi355x-5:122432:122517 [5] NCCL INFO                                           + XGMI[48.0] - GPU/0-f5000
amd-mi355x-5:122432:122517 [5] NCCL INFO + PCI[48.0] - PCI/0-71000 (1000c03015d91d72)
amd-mi355x-5:122432:122517 [5] NCCL INFO               + PCI[48.0] - PCI/0-76000 (1dd800081dd85201)
amd-mi355x-5:122432:122517 [5] NCCL INFO                             + PCI[48.0] - NIC/0-79000
amd-mi355x-5:122432:122517 [5] NCCL INFO                                           + NET[50.0] - NET/0-3 (0/e84349feff819006/1/50.000000)
amd-mi355x-5:122432:122517 [5] NCCL INFO               + PCI[48.0] - PCI/0-73000 (1022150010221500)
amd-mi355x-5:122432:122517 [5] NCCL INFO                             + PCI[48.0] - GPU/0-75000 (3)
amd-mi355x-5:122432:122517 [5] NCCL INFO                                           + XGMI[48.0] - GPU/0-5000
amd-mi355x-5:122432:122517 [5] NCCL INFO                                           + XGMI[48.0] - GPU/0-15000
amd-mi355x-5:122432:122517 [5] NCCL INFO                                           + XGMI[48.0] - GPU/0-65000
amd-mi355x-5:122432:122517 [5] NCCL INFO                                           + XGMI[48.0] - GPU/0-85000
amd-mi355x-5:122432:122517 [5] NCCL INFO                                           + XGMI[48.0] - GPU/0-95000
amd-mi355x-5:122432:122517 [5] NCCL INFO                                           + XGMI[48.0] - GPU/0-e5000
amd-mi355x-5:122432:122517 [5] NCCL INFO                                           + XGMI[48.0] - GPU/0-f5000
amd-mi355x-5:122432:122517 [5] NCCL INFO + SYS[16.0] - CPU/0-1
amd-mi355x-5:122432:122517 [5] NCCL INFO CPU/0-1 (1/2/5)
amd-mi355x-5:122432:122517 [5] NCCL INFO + PCI[48.0] - PCI/0-81000 (1000c03015d91d72)
amd-mi355x-5:122432:122517 [5] NCCL INFO               + PCI[48.0] - PCI/0-86000 (1dd800081dd85201)
amd-mi355x-5:122432:122517 [5] NCCL INFO                             + PCI[48.0] - NIC/0-89000
amd-mi355x-5:122432:122517 [5] NCCL INFO                                           + NET[50.0] - NET/0-4 (0/e82849feff819006/1/50.000000)
amd-mi355x-5:122432:122517 [5] NCCL INFO               + PCI[48.0] - PCI/0-83000 (1022150010221500)
amd-mi355x-5:122432:122517 [5] NCCL INFO                             + PCI[48.0] - GPU/0-85000 (4)
amd-mi355x-5:122432:122517 [5] NCCL INFO                                           + XGMI[48.0] - GPU/0-5000
amd-mi355x-5:122432:122517 [5] NCCL INFO                                           + XGMI[48.0] - GPU/0-15000
amd-mi355x-5:122432:122517 [5] NCCL INFO                                           + XGMI[48.0] - GPU/0-65000
amd-mi355x-5:122432:122517 [5] NCCL INFO                                           + XGMI[48.0] - GPU/0-75000
amd-mi355x-5:122432:122517 [5] NCCL INFO                                           + XGMI[48.0] - GPU/0-95000
amd-mi355x-5:122432:122517 [5] NCCL INFO                                           + XGMI[48.0] - GPU/0-e5000
amd-mi355x-5:122432:122517 [5] NCCL INFO                                           + XGMI[48.0] - GPU/0-f5000
amd-mi355x-5:122432:122517 [5] NCCL INFO + PCI[48.0] - PCI/0-91000 (1000c03015d91d72)
amd-mi355x-5:122432:122517 [5] NCCL INFO               + PCI[48.0] - PCI/0-96000 (1dd800081dd85201)
amd-mi355x-5:122432:122517 [5] NCCL INFO                             + PCI[48.0] - NIC/0-99000
amd-mi355x-5:122432:122517 [5] NCCL INFO                                           + NET[50.0] - NET/0-5 (0/d87449feff819006/1/50.000000)
amd-mi355x-5:122432:122517 [5] NCCL INFO               + PCI[48.0] - PCI/0-93000 (1022150010221500)
amd-mi355x-5:122432:122517 [5] NCCL INFO                             + PCI[48.0] - GPU/0-95000 (5)
amd-mi355x-5:122432:122517 [5] NCCL INFO                                           + XGMI[48.0] - GPU/0-5000
amd-mi355x-5:122432:122517 [5] NCCL INFO                                           + XGMI[48.0] - GPU/0-15000
amd-mi355x-5:122432:122517 [5] NCCL INFO                                           + XGMI[48.0] - GPU/0-65000
amd-mi355x-5:122432:122517 [5] NCCL INFO                                           + XGMI[48.0] - GPU/0-75000
amd-mi355x-5:122432:122517 [5] NCCL INFO                                           + XGMI[48.0] - GPU/0-85000
amd-mi355x-5:122432:122517 [5] NCCL INFO                                           + XGMI[48.0] - GPU/0-e5000
amd-mi355x-5:122432:122517 [5] NCCL INFO                                           + XGMI[48.0] - GPU/0-f5000
amd-mi355x-5:122432:122517 [5] NCCL INFO + PCI[48.0] - PCI/0-e1000 (1000c03015d91d72)
amd-mi355x-5:122432:122517 [5] NCCL INFO               + PCI[48.0] - PCI/0-e6000 (1dd800081dd85201)
amd-mi355x-5:122432:122517 [5] NCCL INFO                             + PCI[48.0] - NIC/0-e9000
amd-mi355x-5:122432:122517 [5] NCCL INFO                                           + NET[50.0] - NET/0-6 (0/402b49feff819006/1/50.000000)
amd-mi355x-5:122432:122517 [5] NCCL INFO               + PCI[48.0] - PCI/0-e3000 (1022150010221500)
amd-mi355x-5:122432:122517 [5] NCCL INFO                             + PCI[48.0] - GPU/0-e5000 (6)
amd-mi355x-5:122432:122517 [5] NCCL INFO                                           + XGMI[48.0] - GPU/0-5000
amd-mi355x-5:122432:122517 [5] NCCL INFO                                           + XGMI[48.0] - GPU/0-15000
amd-mi355x-5:122432:122517 [5] NCCL INFO                                           + XGMI[48.0] - GPU/0-65000
amd-mi355x-5:122432:122517 [5] NCCL INFO                                           + XGMI[48.0] - GPU/0-75000
amd-mi355x-5:122432:122517 [5] NCCL INFO                                           + XGMI[48.0] - GPU/0-85000
amd-mi355x-5:122432:122517 [5] NCCL INFO                                           + XGMI[48.0] - GPU/0-95000
amd-mi355x-5:122432:122517 [5] NCCL INFO                                           + XGMI[48.0] - GPU/0-f5000
amd-mi355x-5:122432:122517 [5] NCCL INFO + PCI[48.0] - PCI/0-f1000 (1000c03015d91d72)
amd-mi355x-5:122432:122517 [5] NCCL INFO               + PCI[48.0] - PCI/0-f6000 (1dd800081dd85201)
amd-mi355x-5:122432:122517 [5] NCCL INFO                             + PCI[48.0] - NIC/0-f9000
amd-mi355x-5:122432:122517 [5] NCCL INFO                                           + NET[50.0] - NET/0-7 (0/a0f047feff819006/1/50.000000)
amd-mi355x-5:122432:122517 [5] NCCL INFO               + PCI[48.0] - PCI/0-f3000 (1022150010221500)
amd-mi355x-5:122432:122517 [5] NCCL INFO                             + PCI[48.0] - GPU/0-f5000 (7)
amd-mi355x-5:122432:122517 [5] NCCL INFO                                           + XGMI[48.0] - GPU/0-5000
amd-mi355x-5:122432:122517 [5] NCCL INFO                                           + XGMI[48.0] - GPU/0-15000
amd-mi355x-5:122432:122517 [5] NCCL INFO                                           + XGMI[48.0] - GPU/0-65000
amd-mi355x-5:122432:122517 [5] NCCL INFO                                           + XGMI[48.0] - GPU/0-75000
amd-mi355x-5:122432:122517 [5] NCCL INFO                                           + XGMI[48.0] - GPU/0-85000
amd-mi355x-5:122432:122517 [5] NCCL INFO                                           + XGMI[48.0] - GPU/0-95000
amd-mi355x-5:122432:122517 [5] NCCL INFO                                           + XGMI[48.0] - GPU/0-e5000
amd-mi355x-5:122432:122517 [5] NCCL INFO + SYS[16.0] - CPU/0-0
amd-mi355x-5:122432:122517 [5] NCCL INFO ==========================================
amd-mi355x-5:122432:122517 [5] NCCL INFO GPU/0-5000 :GPU/0-5000 (0/5000.0/LOC) GPU/0-15000 (1/48.0/XGMI) GPU/0-65000 (1/48.0/XGMI) GPU/0-75000 (1/48.0/XGMI) GPU/0-85000 (1/48.0/XGMI) GPU/0-95000 (1/48.0/XGMI) GPU/0-e5000 (1/48.0/XGMI) GPU/0-f5000 (1/48.0/XGMI) CPU/0-0 (3/48.0/PHB) CPU/0-1 (4/16.0/SYS) NET/0-0 (5/48.0/PXB) NET/0-1 (7/48.0/PHB) NET/0-2 (7/48.0/PHB) NET/0-3 (7/48.0/PHB) NET/0-4 (8/16.0/SYS) NET/0-5 (8/16.0/SYS) NET/0-6 (8/16.0/SYS) NET/0-7 (8/16.0/SYS) 
amd-mi355x-5:122432:122517 [5] NCCL INFO GPU/0-15000 :GPU/0-5000 (1/48.0/XGMI) GPU/0-15000 (0/5000.0/LOC) GPU/0-65000 (1/48.0/XGMI) GPU/0-75000 (1/48.0/XGMI) GPU/0-85000 (1/48.0/XGMI) GPU/0-95000 (1/48.0/XGMI) GPU/0-e5000 (1/48.0/XGMI) GPU/0-f5000 (1/48.0/XGMI) CPU/0-0 (3/48.0/PHB) CPU/0-1 (4/16.0/SYS) NET/0-0 (7/48.0/PHB) NET/0-1 (5/48.0/PXB) NET/0-2 (7/48.0/PHB) NET/0-3 (7/48.0/PHB) NET/0-4 (8/16.0/SYS) NET/0-5 (8/16.0/SYS) NET/0-6 (8/16.0/SYS) NET/0-7 (8/16.0/SYS) 
amd-mi355x-5:122432:122517 [5] NCCL INFO GPU/0-65000 :GPU/0-5000 (1/48.0/XGMI) GPU/0-15000 (1/48.0/XGMI) GPU/0-65000 (0/5000.0/LOC) GPU/0-75000 (1/48.0/XGMI) GPU/0-85000 (1/48.0/XGMI) GPU/0-95000 (1/48.0/XGMI) GPU/0-e5000 (1/48.0/XGMI) GPU/0-f5000 (1/48.0/XGMI) CPU/0-0 (3/48.0/PHB) CPU/0-1 (4/16.0/SYS) NET/0-0 (7/48.0/PHB) NET/0-1 (7/48.0/PHB) NET/0-2 (5/48.0/PXB) NET/0-3 (7/48.0/PHB) NET/0-4 (8/16.0/SYS) NET/0-5 (8/16.0/SYS) NET/0-6 (8/16.0/SYS) NET/0-7 (8/16.0/SYS) 
amd-mi355x-5:122432:122517 [5] NCCL INFO GPU/0-75000 :GPU/0-5000 (1/48.0/XGMI) GPU/0-15000 (1/48.0/XGMI) GPU/0-65000 (1/48.0/XGMI) GPU/0-75000 (0/5000.0/LOC) GPU/0-85000 (1/48.0/XGMI) GPU/0-95000 (1/48.0/XGMI) GPU/0-e5000 (1/48.0/XGMI) GPU/0-f5000 (1/48.0/XGMI) CPU/0-0 (3/48.0/PHB) CPU/0-1 (4/16.0/SYS) NET/0-0 (7/48.0/PHB) NET/0-1 (7/48.0/PHB) NET/0-2 (7/48.0/PHB) NET/0-3 (5/48.0/PXB) NET/0-4 (8/16.0/SYS) NET/0-5 (8/16.0/SYS) NET/0-6 (8/16.0/SYS) NET/0-7 (8/16.0/SYS) 
amd-mi355x-5:122432:122517 [5] NCCL INFO GPU/0-85000 :GPU/0-5000 (1/48.0/XGMI) GPU/0-15000 (1/48.0/XGMI) GPU/0-65000 (1/48.0/XGMI) GPU/0-75000 (1/48.0/XGMI) GPU/0-85000 (0/5000.0/LOC) GPU/0-95000 (1/48.0/XGMI) GPU/0-e5000 (1/48.0/XGMI) GPU/0-f5000 (1/48.0/XGMI) CPU/0-0 (4/16.0/SYS) CPU/0-1 (3/48.0/PHB) NET/0-0 (8/16.0/SYS) NET/0-1 (8/16.0/SYS) NET/0-2 (8/16.0/SYS) NET/0-3 (8/16.0/SYS) NET/0-4 (5/48.0/PXB) NET/0-5 (7/48.0/PHB) NET/0-6 (7/48.0/PHB) NET/0-7 (7/48.0/PHB) 
amd-mi355x-5:122432:122517 [5] NCCL INFO GPU/0-95000 :GPU/0-5000 (1/48.0/XGMI) GPU/0-15000 (1/48.0/XGMI) GPU/0-65000 (1/48.0/XGMI) GPU/0-75000 (1/48.0/XGMI) GPU/0-85000 (1/48.0/XGMI) GPU/0-95000 (0/5000.0/LOC) GPU/0-e5000 (1/48.0/XGMI) GPU/0-f5000 (1/48.0/XGMI) CPU/0-0 (4/16.0/SYS) CPU/0-1 (3/48.0/PHB) NET/0-0 (8/16.0/SYS) NET/0-1 (8/16.0/SYS) NET/0-2 (8/16.0/SYS) NET/0-3 (8/16.0/SYS) NET/0-4 (7/48.0/PHB) NET/0-5 (5/48.0/PXB) NET/0-6 (7/48.0/PHB) NET/0-7 (7/48.0/PHB) 
amd-mi355x-5:122432:122517 [5] NCCL INFO GPU/0-e5000 :GPU/0-5000 (1/48.0/XGMI) GPU/0-15000 (1/48.0/XGMI) GPU/0-65000 (1/48.0/XGMI) GPU/0-75000 (1/48.0/XGMI) GPU/0-85000 (1/48.0/XGMI) GPU/0-95000 (1/48.0/XGMI) GPU/0-e5000 (0/5000.0/LOC) GPU/0-f5000 (1/48.0/XGMI) CPU/0-0 (4/16.0/SYS) CPU/0-1 (3/48.0/PHB) NET/0-0 (8/16.0/SYS) NET/0-1 (8/16.0/SYS) NET/0-2 (8/16.0/SYS) NET/0-3 (8/16.0/SYS) NET/0-4 (7/48.0/PHB) NET/0-5 (7/48.0/PHB) NET/0-6 (5/48.0/PXB) NET/0-7 (7/48.0/PHB) 
amd-mi355x-5:122432:122517 [5] NCCL INFO GPU/0-f5000 :GPU/0-5000 (1/48.0/XGMI) GPU/0-15000 (1/48.0/XGMI) GPU/0-65000 (1/48.0/XGMI) GPU/0-75000 (1/48.0/XGMI) GPU/0-85000 (1/48.0/XGMI) GPU/0-95000 (1/48.0/XGMI) GPU/0-e5000 (1/48.0/XGMI) GPU/0-f5000 (0/5000.0/LOC) CPU/0-0 (4/16.0/SYS) CPU/0-1 (3/48.0/PHB) NET/0-0 (8/16.0/SYS) NET/0-1 (8/16.0/SYS) NET/0-2 (8/16.0/SYS) NET/0-3 (8/16.0/SYS) NET/0-4 (7/48.0/PHB) NET/0-5 (7/48.0/PHB) NET/0-6 (7/48.0/PHB) NET/0-7 (5/48.0/PXB) 
amd-mi355x-5:122432:122517 [5] NCCL INFO NET/0-0 :GPU/0-5000 (5/48.0/PXB) GPU/0-15000 (7/48.0/PHB) GPU/0-65000 (7/48.0/PHB) GPU/0-75000 (7/48.0/PHB) GPU/0-85000 (8/16.0/SYS) GPU/0-95000 (8/16.0/SYS) GPU/0-e5000 (8/16.0/SYS) GPU/0-f5000 (8/16.0/SYS) CPU/0-0 (4/48.0/PHB) CPU/0-1 (5/16.0/SYS) NET/0-0 (0/5000.0/LOC) NET/0-1 (8/48.0/PHB) NET/0-2 (8/48.0/PHB) NET/0-3 (8/48.0/PHB) NET/0-4 (9/16.0/SYS) NET/0-5 (9/16.0/SYS) NET/0-6 (9/16.0/SYS) NET/0-7 (9/16.0/SYS) 
amd-mi355x-5:122432:122517 [5] NCCL INFO NET/0-1 :GPU/0-5000 (7/48.0/PHB) GPU/0-15000 (5/48.0/PXB) GPU/0-65000 (7/48.0/PHB) GPU/0-75000 (7/48.0/PHB) GPU/0-85000 (8/16.0/SYS) GPU/0-95000 (8/16.0/SYS) GPU/0-e5000 (8/16.0/SYS) GPU/0-f5000 (8/16.0/SYS) CPU/0-0 (4/48.0/PHB) CPU/0-1 (5/16.0/SYS) NET/0-0 (8/48.0/PHB) NET/0-1 (0/5000.0/LOC) NET/0-2 (8/48.0/PHB) NET/0-3 (8/48.0/PHB) NET/0-4 (9/16.0/SYS) NET/0-5 (9/16.0/SYS) NET/0-6 (9/16.0/SYS) NET/0-7 (9/16.0/SYS) 
amd-mi355x-5:122432:122517 [5] NCCL INFO NET/0-2 :GPU/0-5000 (7/48.0/PHB) GPU/0-15000 (7/48.0/PHB) GPU/0-65000 (5/48.0/PXB) GPU/0-75000 (7/48.0/PHB) GPU/0-85000 (8/16.0/SYS) GPU/0-95000 (8/16.0/SYS) GPU/0-e5000 (8/16.0/SYS) GPU/0-f5000 (8/16.0/SYS) CPU/0-0 (4/48.0/PHB) CPU/0-1 (5/16.0/SYS) NET/0-0 (8/48.0/PHB) NET/0-1 (8/48.0/PHB) NET/0-2 (0/5000.0/LOC) NET/0-3 (8/48.0/PHB) NET/0-4 (9/16.0/SYS) NET/0-5 (9/16.0/SYS) NET/0-6 (9/16.0/SYS) NET/0-7 (9/16.0/SYS) 
amd-mi355x-5:122432:122517 [5] NCCL INFO NET/0-3 :GPU/0-5000 (7/48.0/PHB) GPU/0-15000 (7/48.0/PHB) GPU/0-65000 (7/48.0/PHB) GPU/0-75000 (5/48.0/PXB) GPU/0-85000 (8/16.0/SYS) GPU/0-95000 (8/16.0/SYS) GPU/0-e5000 (8/16.0/SYS) GPU/0-f5000 (8/16.0/SYS) CPU/0-0 (4/48.0/PHB) CPU/0-1 (5/16.0/SYS) NET/0-0 (8/48.0/PHB) NET/0-1 (8/48.0/PHB) NET/0-2 (8/48.0/PHB) NET/0-3 (0/5000.0/LOC) NET/0-4 (9/16.0/SYS) NET/0-5 (9/16.0/SYS) NET/0-6 (9/16.0/SYS) NET/0-7 (9/16.0/SYS) 
amd-mi355x-5:122432:122517 [5] NCCL INFO NET/0-4 :GPU/0-5000 (8/16.0/SYS) GPU/0-15000 (8/16.0/SYS) GPU/0-65000 (8/16.0/SYS) GPU/0-75000 (8/16.0/SYS) GPU/0-85000 (5/48.0/PXB) GPU/0-95000 (7/48.0/PHB) GPU/0-e5000 (7/48.0/PHB) GPU/0-f5000 (7/48.0/PHB) CPU/0-0 (5/16.0/SYS) CPU/0-1 (4/48.0/PHB) NET/0-0 (9/16.0/SYS) NET/0-1 (9/16.0/SYS) NET/0-2 (9/16.0/SYS) NET/0-3 (9/16.0/SYS) NET/0-4 (0/5000.0/LOC) NET/0-5 (8/48.0/PHB) NET/0-6 (8/48.0/PHB) NET/0-7 (8/48.0/PHB) 
amd-mi355x-5:122432:122517 [5] NCCL INFO NET/0-5 :GPU/0-5000 (8/16.0/SYS) GPU/0-15000 (8/16.0/SYS) GPU/0-65000 (8/16.0/SYS) GPU/0-75000 (8/16.0/SYS) GPU/0-85000 (7/48.0/PHB) GPU/0-95000 (5/48.0/PXB) GPU/0-e5000 (7/48.0/PHB) GPU/0-f5000 (7/48.0/PHB) CPU/0-0 (5/16.0/SYS) CPU/0-1 (4/48.0/PHB) NET/0-0 (9/16.0/SYS) NET/0-1 (9/16.0/SYS) NET/0-2 (9/16.0/SYS) NET/0-3 (9/16.0/SYS) NET/0-4 (8/48.0/PHB) NET/0-5 (0/5000.0/LOC) NET/0-6 (8/48.0/PHB) NET/0-7 (8/48.0/PHB) 
amd-mi355x-5:122432:122517 [5] NCCL INFO NET/0-6 :GPU/0-5000 (8/16.0/SYS) GPU/0-15000 (8/16.0/SYS) GPU/0-65000 (8/16.0/SYS) GPU/0-75000 (8/16.0/SYS) GPU/0-85000 (7/48.0/PHB) GPU/0-95000 (7/48.0/PHB) GPU/0-e5000 (5/48.0/PXB) GPU/0-f5000 (7/48.0/PHB) CPU/0-0 (5/16.0/SYS) CPU/0-1 (4/48.0/PHB) NET/0-0 (9/16.0/SYS) NET/0-1 (9/16.0/SYS) NET/0-2 (9/16.0/SYS) NET/0-3 (9/16.0/SYS) NET/0-4 (8/48.0/PHB) NET/0-5 (8/48.0/PHB) NET/0-6 (0/5000.0/LOC) NET/0-7 (8/48.0/PHB) 
amd-mi355x-5:122432:122517 [5] NCCL INFO NET/0-7 :GPU/0-5000 (8/16.0/SYS) GPU/0-15000 (8/16.0/SYS) GPU/0-65000 (8/16.0/SYS) GPU/0-75000 (8/16.0/SYS) GPU/0-85000 (7/48.0/PHB) GPU/0-95000 (7/48.0/PHB) GPU/0-e5000 (7/48.0/PHB) GPU/0-f5000 (5/48.0/PXB) CPU/0-0 (5/16.0/SYS) CPU/0-1 (4/48.0/PHB) NET/0-0 (9/16.0/SYS) NET/0-1 (9/16.0/SYS) NET/0-2 (9/16.0/SYS) NET/0-3 (9/16.0/SYS) NET/0-4 (8/48.0/PHB) NET/0-5 (8/48.0/PHB) NET/0-6 (8/48.0/PHB) NET/0-7 (0/5000.0/LOC) 
amd-mi355x-5:122430:122512 [4] NCCL INFO Found matching Rome model index 40 with GPU mapping: 0 1 2 3 4 5 6amd-mi355x-5:122432:122517 [5] NCCL INFO Found matching Rome model index 40 with GPU mapping: 0 1 2 3 4 5 6 7 NET mapping: 0 1 2 3 4 5 6 7 
amd-mi355x-5:122432:122517 [5] NCCL INFO Pattern 4, crossNic 0, nChannels 64, bw 5.250000/5.250000, type XGMI/PXB, sameChannels 1
amd-mi355x-5:122432:122517 [5] NCCL INFO  0 : NET/0 GPU/0 GPU/1 GPU/2 GPU/3 GPU/4 GPU/5 GPU/6 GPU/7 NET/7
amd-mi355x-5:122432:122517 [5] NCCL INFO  1 : NET/1 GPU/1 GPU/0 GPU/2 GPU/4 GPU/3 GPU/5 GPU/7 GPU/6 NET/6
amd-mi355x-5:122432:122517 [5] NCCL INFO  2 : NET/2 GPU/2 GPU/5 GPU/0 GPU/3 GPU/6 GPU/1 GPU/7 GPU/4 NET/4
amd-mi355x-5:122432:122517 [5] NCCL INFO  3 : NET/3 GPU/3 GPU/7 GPU/0 GPU/4 GPU/2 GPU/1 GPU/6 GPU/5 NET/5
amd-mi355x-5:122432:122517 [5] NCCL INFO  4 : NET/4 GPU/4 GPU/6 GPU/2 GPU/7 GPU/3 GPU/0 GPU/5 GPU/1 NET/1
amd-mi355x-5:122432:122517 [5] NCCL INFO  5 : NET/5 GPU/5 GPU/4 GPU/7 GPU/1 GPU/3 GPU/2 GPU/6 GPU/0 NET/0
amd-mi355x-5:122432:122517 [5] NCCL INFO  6 : NET/6 GPU/6 GPU/3 GPU/1 GPU/4 GPU/0 GPU/7 GPU/5 GPU/2 NET/2
amd-mi355x-5:122432:122517 [5] NCCL INFO  7 : NET/7 GPU/7 GPU/2 GPU/0 GPU/6 GPU/4 GPU/1 GPU/5 GPU/3 NET/3
amd-mi355x-5:122432:122517 [5] NCCL INFO  8 : NET/1 GPU/1 GPU/0 GPU/2 GPU/4 GPU/3 GPU/5 GPU/7 GPU/6 NET/6
amd-mi355x-5:122432:122517 [5] NCCL INFO  9 : NET/2 GPU/2 GPU/5 GPU/0 GPU/3 GPU/6 GPU/1 GPU/7 GPU/4 NET/4
amd-mi355x-5:122432:122517 [5] NCCL INFO 10 : NET/3 GPU/3 GPU/7 GPU/0 GPU/4 GPU/2 GPU/1 GPU/6 GPU/5 NET/5
amd-mi355x-5:122432:122517 [5] NCCL INFO 11 : NET/4 GPU/4 GPU/6 GPU/2 GPU/7 GPU/3 GPU/0 GPU/5 GPU/1 NET/1
amd-mi355x-5:122432:122517 [5] NCCL INFO 12 : NET/5 GPU/5 GPU/4 GPU/7 GPU/1 GPU/3 GPU/2 GPU/6 GPU/0 NET/0
amd-mi355x-5:122432:122517 [5] NCCL INFO 13 : NET/6 GPU/6 GPU/3 GPU/1 GPU/4 GPU/0 GPU/7 GPU/5 GPU/2 NET/2
amd-mi355x-5:122432:122517 [5] NCCL INFO 14 : NET/7 GPU/7 GPU/2 GPU/0 GPU/6 GPU/4 GPU/1 GPU/5 GPU/3 NET/3
amd-mi355x-5:122432:122517 [5] NCCL INFO 15 : NET/0 GPU/0 GPU/1 GPU/2 GPU/3 GPU/4 GPU/5 GPU/6 GPU/7 NET/7
amd-mi355x-5:122432:122517 [5] NCCL INFO 16 : NET/2 GPU/2 GPU/5 GPU/0 GPU/3 GPU/6 GPU/1 GPU/7 GPU/4 NET/4
amd-mi355x-5:122432:122517 [5] NCCL INFO 17 : NET/3 GPU/3 GPU/7 GPU/0 GPU/4 GPU/2 GPU/1 GPU/6 GPU/5 NET/5
amd-mi355x-5:122432:122517 [5] NCCL INFO 18 : NET/4 GPU/4 GPU/6 GPU/2 GPU/7 GPU/3 GPU/0 GPU/5 GPU/1 NET/1
amd-mi355x-5:122432:122517 [5] NCCL INFO 19 : NET/5 GPU/5 GPU/4 GPU/7 GPU/1 GPU/3 GPU/2 GPU/6 GPU/0 NET/0
amd-mi355x-5:122432:122517 [5] NCCL INFO 20 : NET/6 GPU/6 GPU/3 GPU/1 GPU/4 GPU/0 GPU/7 GPU/5 GPU/2 NET/2
amd-mi355x-5:122432:122517 [5] NCCL INFO 21 : NET/7 GPU/7 GPU/2 GPU/0 GPU/6 GPU/4 GPU/1 GPU/5 GPU/3 NET/3
amd-mi355x-5:122432:122517 [5] NCCL INFO 22 : NET/0 GPU/0 GPU/1 GPU/2 GPU/3 GPU/4 GPU/5 GPU/6 GPU/7 NET/7
amd-mi355x-5:122432:122517 [5] NCCL INFO 23 : NET/1 GPU/1 GPU/0 GPU/2 GPU/4 GPU/3 GPU/5 GPU/7 GPU/6 NET/6
amd-mi355x-5:122432:122517 [5] NCCL INFO 24 : NET/3 GPU/3 GPU/7 GPU/0 GPU/4 GPU/2 GPU/1 GPU/6 GPU/5 NET/5
amd-mi355x-5:122432:122517 [5] NCCL INFO 25 : NET/4 GPU/4 GPU/6 GPU/2 GPU/7 GPU/3 GPU/0 GPU/5 GPU/1 NET/1
amd-mi355x-5:122432:122517 [5] NCCL INFO 26 : NET/5 GPU/5 GPU/4 GPU/7 GPU/1 GPU/3 GPU/2 GPU/6 GPU/0 NET/0
amd-mi355x-5:122432:122517 [5] NCCL INFO 27 : NET/6 GPU/6 GPU/3 GPU/1 GPU/4 GPU/0 GPU/7 GPU/5 GPU/2 NET/2
amd-mi355x-5:122432:122517 [5] NCCL INFO 28 : NET/7 GPU/7 GPU/2 GPU/0 GPU/6 GPU/4 GPU/1 GPU/5 GPU/3 NET/3
amd-mi355x-5:122432:122517 [5] NCCL INFO 29 : NET/0 GPU/0 GPU/1 GPU/2 GPU/3 GPU/4 GPU/5 GPU/6 GPU/7 NET/7
amd-mi355x-5:122432:122517 [5] NCCL INFO 30 : NET/1 GPU/1 GPU/0 GPU/2 GPU/4 GPU/3 GPU/5 GPU/7 GPU/6 NET/6
amd-mi355x-5:122432:122517 [5] NCCL INFO 31 : NET/2 GPU/2 GPU/5 GPU/0 GPU/3 GPU/6 GPU/1 GPU/7 GPU/4 NET/4
amd-mi355x-5:122432:122517 [5] NCCL INFO 32 : NET/4 GPU/4 GPU/6 GPU/2 GPU/7 GPU/3 GPU/0 GPU/5 GPU/1 NET/1
amd-mi355x-5:122432:122517 [5] NCCL INFO 33 : NET/5 GPU/5 GPU/4 GPU/7 GPU/1 GPU/3 GPU/2 GPU/6 GPU/0 NET/0
amd-mi355x-5:122432:122517 [5] NCCL INFO 34 : NET/6 GPU/6 GPU/3 GPU/1 GPU/4 GPU/0 GPU/7 GPU/5 GPU/2 NET/2
amd-mi355x-5:122432:122517 [5] NCCL INFO 35 : NET/7 GPU/7 GPU/2 GPU/0 GPU/6 GPU/4 GPU/1 GPU/5 GPU/3 NET/3
amd-mi355x-5:122432:122517 [5] NCCL INFO 36 : NET/0 GPU/0 GPU/1 GPU/2 GPU/3 GPU/4 GPU/5 GPU/6 GPU/7 NET/7
amd-mi355x-5:122432:122517 [5] NCCL INFO 37 : NET/1 GPU/1 GPU/0 GPU/2 GPU/4 GPU/3 GPU/5 GPU/7 GPU/6 NET/6
amd-mi355x-5:122432:122517 [5] NCCL INFO 38 : NET/2 GPU/2 GPU/5 GPU/0 GPU/3 GPU/6 GPU/1 GPU/7 GPU/4 NET/4
amd-mi355x-5:122432:122517 [5] NCCL INFO 39 : NET/3 GPU/3 GPU/7 GPU/0 GPU/4 GPU/2 GPU/1 GPU/6 GPU/5 NET/5
amd-mi355x-5:122432:122517 [5] NCCL INFO 40 : NET/5 GPU/5 GPU/4 GPU/7 GPU/1 GPU/3 GPU/2 GPU/6 GPU/0 NET/0
amd-mi355x-5:122432:122517 [5] NCCL INFO 41 : NET/6 GPU/6 GPU/3 GPU/1 GPU/4 GPU/0 GPU/7 GPU/5 GPU/2 NET/2
amd-mi355x-5:122432:122517 [5] NCCL INFO 42 : NET/7 GPU/7 GPU/2 GPU/0 GPU/6 GPU/4 GPU/1 GPU/5 GPU/3 NET/3
amd-mi355x-5:122432:122517 [5] NCCL INFO 43 : NET/0 GPU/0 GPU/1 GPU/2 GPU/3 GPU/4 GPU/5 GPU/6 GPU/7 NET/7
amd-mi355x-5:122432:122517 [5] NCCL INFO 44 : NET/1 GPU/1 GPU/0 GPU/2 GPU/4 GPU/3 GPU/5 GPU/7 GPU/6 NET/6
amd-mi355x-5:122432:122517 [5] NCCL INFO 45 : NET/2 GPU/2 GPU/5 GPU/0 GPU/3 GPU/6 GPU/1 GPU/7 GPU/4 NET/4
amd-mi355x-5:122432:122517 [5] NCCL INFO 46 : NET/3 GPU/3 GPU/7 GPU/0 GPU/4 GPU/2 GPU/1 GPU/6 GPU/5 NET/5
amd-mi355x-5:122432:122517 [5] NCCL INFO 47 : NET/4 GPU/4 GPU/6 GPU/2 GPU/7 GPU/3 GPU/0 GPU/5 GPU/1 NET/1
amd-mi355x-5:122432:122517 [5] NCCL INFO 48 : NET/6 GPU/6 GPU/3 GPU/1 GPU/4 GPU/0 GPU/7 GPU/5 GPU/2 NET/2
amd-mi355x-5:122432:122517 [5] NCCL INFO 49 : NET/7 GPU/7 GPU/2 GPU/0 GPU/6 GPU/4 GPU/1 GPU/5 GPU/3 NET/3
amd-mi355x-5:122432:122517 [5] NCCL INFO 50 : NET/0 GPU/0 GPU/1 GPU/2 GPU/3 GPU/4 GPU/5 GPU/6 GPU/7 NET/7
amd-mi355x-5:122432:122517 [5] NCCL INFO 51 : NET/1 GPU/1 GPU/0 GPU/2 GPU/4 GPU/3 GPU/5 GPU/7 GPU/6 NET/6
amd-mi355x-5:122432:122517 [5] NCCL INFO 52 : NET/2 GPU/2 GPU/5 GPU/0 GPU/3 GPU/6 GPU/1 GPU/7 GPU/4 NET/4
amd-mi355x-5:122432:122517 [5] NCCL INFO 53 : NET/3 GPU/3 GPU/7 GPU/0 GPU/4 GPU/2 GPU/1 GPU/6 GPU/5 NET/5
amd-mi355x-5:122432:122517 [5] NCCL INFO 54 : NET/4 GPU/4 GPU/6 GPU/2 GPU/7 GPU/3 GPU/0 GPU/5 GPU/1 NET/1
amd-mi355x-5:122432:122517 [5] NCCL INFO 55 : NET/5 GPU/5 GPU/4 GPU/7 GPU/1 GPU/3 GPU/2 GPU/6 GPU/0 NET/0
amd-mi355x-5:122432:122517 [5] NCCL INFO 56 : NET/7 GPU/7 GPU/2 GPU/0 GPU/6 GPU/4 GPU/1 GPU/5 GPU/3 NET/3
amd-mi355x-5:122432:122517 [5] NCCL INFO 57 : NET/0 GPU/0 GPU/1 GPU/2 GPU/3 GPU/4 GPU/5 GPU/6 GPU/7 NET/7
amd-mi355x-5:122432:122517 [5] NCCL INFO 58 : NET/1 GPU/1 GPU/0 GPU/2 GPU/4 GPU/3 GPU/5 GPU/7 GPU/6 NET/6
amd-mi355x-5:122432:122517 [5] NCCL INFO 59 : NET/2 GPU/2 GPU/5 GPU/0 GPU/3 GPU/6 GPU/1 GPU/7 GPU/4 NET/4
amd-mi355x-5:122432:122517 [5] NCCL INFO 60 : NET/3 GPU/3 GPU/7 GPU/0 GPU/4 GPU/2 GPU/1 GPU/6 GPU/5 NET/5
amd-mi355x-5:122432:122517 [5] NCCL INFO 61 : NET/4 GPU/4 GPU/6 GPU/2 GPU/7 GPU/3 GPU/0 GPU/5 GPU/1 NET/1
amd-mi355x-5:122432:122517 [5] NCCL INFO 62 : NET/5 GPU/5 GPU/4 GPU/7 GPU/1 GPU/3 GPU/2 GPU/6 GPU/0 NET/0amd-mi355x-5:122430:122512 [4] NCCL INFO Found matching Rome model index 40 with GPU mapping: 0 1 2 3 4 5 6amd-mi355x-5:122432:122517 [5] NCCL INFO Found matching Rome model index 40 with GPU mapping: 0 1 2 3 4 5 6 7 NET mapping: 0 1 2 3 4 5 6 7 
amd-mi355x-5:122432:122517 [5] NCCL INFO Pattern 1, crossNic 0, nChannels 64, bw 5.250000/5.250000, type XGMI/PXB, sameChannels 1
amd-mi355x-5:122432:122517 [5] NCCL INFO  0 : NET/0 GPU/0 GPU/1 GPU/2 GPU/4 GPU/3 GPU/6 GPU/5 GPU/7 NET/1
amd-mi355x-5:122432:122517 [5] NCCL INFO  1 : NET/1 GPU/1 GPU/0 GPU/4 GPU/7 GPU/3 GPU/5 GPU/2 GPU/6 NET/0
amd-mi355x-5:122432:122517 [5] NCCL INFO  2 : NET/2 GPU/2 GPU/3 GPU/0 GPU/5 GPU/6 GPU/1 GPU/7 GPU/4 NET/3
amd-mi355x-5:122432:122517 [5] NCCL INFO  3 : NET/3 GPU/3 GPU/2 GPU/7 GPU/0 GPU/6 GPU/4 GPU/1 GPU/5 NET/2
amd-mi355x-5:122432:122517 [5] NCCL INFO  4 : NET/4 GPU/4 GPU/5 GPU/1 GPU/6 GPU/0 GPU/3 GPU/7 GPU/2 NET/5
amd-mi355x-5:122432:122517 [5] NCCL INFO  5 : NET/5 GPU/5 GPU/4 GPU/6 GPU/2 GPU/0 GPU/7 GPU/1 GPU/3 NET/4
amd-mi355x-5:122432:122517 [5] NCCL INFO  6 : NET/6 GPU/6 GPU/7 GPU/5 GPU/3 GPU/4 GPU/0 GPU/2 GPU/1 NET/7
amd-mi355x-5:122432:122517 [5] NCCL INFO  7 : NET/7 GPU/7 GPU/6 GPU/3 GPU/1 GPU/4 GPU/2 GPU/5 GPU/0 NET/6
amd-mi355x-5:122432:122517 [5] NCCL INFO  8 : NET/2 GPU/2 GPU/3 GPU/0 GPU/5 GPU/6 GPU/1 GPU/7 GPU/4 NET/3
amd-mi355x-5:122432:122517 [5] NCCL INFO  9 : NET/3 GPU/3 GPU/2 GPU/7 GPU/0 GPU/6 GPU/4 GPU/1 GPU/5 NET/2
amd-mi355x-5:122432:122517 [5] NCCL INFO 10 : NET/4 GPU/4 GPU/5 GPU/1 GPU/6 GPU/0 GPU/3 GPU/7 GPU/2 NET/5
amd-mi355x-5:122432:122517 [5] NCCL INFO 11 : NET/5 GPU/5 GPU/4 GPU/6 GPU/2 GPU/0 GPU/7 GPU/1 GPU/3 NET/4
amd-mi355x-5:122432:122517 [5] NCCL INFO 12 : NET/6 GPU/6 GPU/7 GPU/5 GPU/3 GPU/4 GPU/0 GPU/2 GPU/1 NET/7
amd-mi355x-5:122432:122517 [5] NCCL INFO 13 : NET/7 GPU/7 GPU/6 GPU/3 GPU/1 GPU/4 GPU/2 GPU/5 GPU/0 NET/6
amd-mi355x-5:122432:122517 [5] NCCL INFO 14 : NET/0 GPU/0 GPU/1 GPU/2 GPU/4 GPU/3 GPU/6 GPU/5 GPU/7 NET/1
amd-mi355x-5:122432:122517 [5] NCCL INFO 15 : NET/1 GPU/1 GPU/0 GPU/4 GPU/7 GPU/3 GPU/5 GPU/2 GPU/6 NET/0
amd-mi355x-5:122432:122517 [5] NCCL INFO 16 : NET/4 GPU/4 GPU/5 GPU/1 GPU/6 GPU/0 GPU/3 GPU/7 GPU/2 NET/5
amd-mi355x-5:122432:122517 [5] NCCL INFO 17 : NET/5 GPU/5 GPU/4 GPU/6 GPU/2 GPU/0 GPU/7 GPU/1 GPU/3 NET/4
amd-mi355x-5:122432:122517 [5] NCCL INFO 18 : NET/6 GPU/6 GPU/7 GPU/5 GPU/3 GPU/4 GPU/0 GPU/2 GPU/1 NET/7
amd-mi355x-5:122432:122517 [5] NCCL INFO 19 : NET/7 GPU/7 GPU/6 GPU/3 GPU/1 GPU/4 GPU/2 GPU/5 GPU/0 NET/6
amd-mi355x-5:122432:122517 [5] NCCL INFO 20 : NET/0 GPU/0 GPU/1 GPU/2 GPU/4 GPU/3 GPU/6 GPU/5 GPU/7 NET/1
amd-mi355x-5:122432:122517 [5] NCCL INFO 21 : NET/1 GPU/1 GPU/0 GPU/4 GPU/7 GPU/3 GPU/5 GPU/2 GPU/6 NET/0
amd-mi355x-5:122432:122517 [5] NCCL INFO 22 : NET/2 GPU/2 GPU/3 GPU/0 GPU/5 GPU/6 GPU/1 GPU/7 GPU/4 NET/3
amd-mi355x-5:122432:122517 [5] NCCL INFO 23 : NET/3 GPU/3 GPU/2 GPU/7 GPU/0 GPU/6 GPU/4 GPU/1 GPU/5 NET/2
amd-mi355x-5:122432:122517 [5] NCCL INFO 24 : NET/6 GPU/6 GPU/7 GPU/5 GPU/3 GPU/4 GPU/0 GPU/2 GPU/1 NET/7
amd-mi355x-5:122432:122517 [5] NCCL INFO 25 : NET/7 GPU/7 GPU/6 GPU/3 GPU/1 GPU/4 GPU/2 GPU/5 GPU/0 NET/6
amd-mi355x-5:122432:122517 [5] NCCL INFO 26 : NET/0 GPU/0 GPU/1 GPU/2 GPU/4 GPU/3 GPU/6 GPU/5 GPU/7 NET/1
amd-mi355x-5:122432:122517 [5] NCCL INFO 27 : NET/1 GPU/1 GPU/0 GPU/4 GPU/7 GPU/3 GPU/5 GPU/2 GPU/6 NET/0
amd-mi355x-5:122432:122517 [5] NCCL INFO 28 : NET/2 GPU/2 GPU/3 GPU/0 GPU/5 GPU/6 GPU/1 GPU/7 GPU/4 NET/3
amd-mi355x-5:122432:122517 [5] NCCL INFO 29 : NET/3 GPU/3 GPU/2 GPU/7 GPU/0 GPU/6 GPU/4 GPU/1 GPU/5 NET/2
amd-mi355x-5:122432:122517 [5] NCCL INFO 30 : NET/4 GPU/4 GPU/5 GPU/1 GPU/6 GPU/0 GPU/3 GPU/7 GPU/2 NET/5
amd-mi355x-5:122432:122517 [5] NCCL INFO 31 : NET/5 GPU/5 GPU/4 GPU/6 GPU/2 GPU/0 GPU/7 GPU/1 GPU/3 NET/4
amd-mi355x-5:122432:122517 [5] NCCL INFO 32 : NET/0 GPU/0 GPU/1 GPU/2 GPU/4 GPU/3 GPU/6 GPU/5 GPU/7 NET/1
amd-mi355x-5:122432:122517 [5] NCCL INFO 33 : NET/1 GPU/1 GPU/0 GPU/4 GPU/7 GPU/3 GPU/5 GPU/2 GPU/6 NET/0
amd-mi355x-5:122432:122517 [5] NCCL INFO 34 : NET/2 GPU/2 GPU/3 GPU/0 GPU/5 GPU/6 GPU/1 GPU/7 GPU/4 NET/3
amd-mi355x-5:122432:122517 [5] NCCL INFO 35 : NET/3 GPU/3 GPU/2 GPU/7 GPU/0 GPU/6 GPU/4 GPU/1 GPU/5 NET/2
amd-mi355x-5:122432:122517 [5] NCCL INFO 36 : NET/4 GPU/4 GPU/5 GPU/1 GPU/6 GPU/0 GPU/3 GPU/7 GPU/2 NET/5
amd-mi355x-5:122432:122517 [5] NCCL INFO 37 : NET/5 GPU/5 GPU/4 GPU/6 GPU/2 GPU/0 GPU/7 GPU/1 GPU/3 NET/4
amd-mi355x-5:122432:122517 [5] NCCL INFO 38 : NET/6 GPU/6 GPU/7 GPU/5 GPU/3 GPU/4 GPU/0 GPU/2 GPU/1 NET/7
amd-mi355x-5:122432:122517 [5] NCCL INFO 39 : NET/7 GPU/7 GPU/6 GPU/3 GPU/1 GPU/4 GPU/2 GPU/5 GPU/0 NET/6
amd-mi355x-5:122432:122517 [5] NCCL INFO 40 : NET/2 GPU/2 GPU/3 GPU/0 GPU/5 GPU/6 GPU/1 GPU/7 GPU/4 NET/3
amd-mi355x-5:122432:122517 [5] NCCL INFO 41 : NET/3 GPU/3 GPU/2 GPU/7 GPU/0 GPU/6 GPU/4 GPU/1 GPU/5 NET/2
amd-mi355x-5:122432:122517 [5] NCCL INFO 42 : NET/4 GPU/4 GPU/5 GPU/1 GPU/6 GPU/0 GPU/3 GPU/7 GPU/2 NET/5
amd-mi355x-5:122432:122517 [5] NCCL INFO 43 : NET/5 GPU/5 GPU/4 GPU/6 GPU/2 GPU/0 GPU/7 GPU/1 GPU/3 NET/4
amd-mi355x-5:122432:122517 [5] NCCL INFO 44 : NET/6 GPU/6 GPU/7 GPU/5 GPU/3 GPU/4 GPU/0 GPU/2 GPU/1 NET/7
amd-mi355x-5:122432:122517 [5] NCCL INFO 45 : NET/7 GPU/7 GPU/6 GPU/3 GPU/1 GPU/4 GPU/2 GPU/5 GPU/0 NET/6
amd-mi355x-5:122432:122517 [5] NCCL INFO 46 : NET/0 GPU/0 GPU/1 GPU/2 GPU/4 GPU/3 GPU/6 GPU/5 GPU/7 NET/1
amd-mi355x-5:122432:122517 [5] NCCL INFO 47 : NET/1 GPU/1 GPU/0 GPU/4 GPU/7 GPU/3 GPU/5 GPU/2 GPU/6 NET/0
amd-mi355x-5:122432:122517 [5] NCCL INFO 48 : NET/4 GPU/4 GPU/5 GPU/1 GPU/6 GPU/0 GPU/3 GPU/7 GPU/2 NET/5
amd-mi355x-5:122432:122517 [5] NCCL INFO 49 : NET/5 GPU/5 GPU/4 GPU/6 GPU/2 GPU/0 GPU/7 GPU/1 GPU/3 NET/4
amd-mi355x-5:122432:122517 [5] NCCL INFO 50 : NET/6 GPU/6 GPU/7 GPU/5 GPU/3 GPU/4 GPU/0 GPU/2 GPU/1 NET/7
amd-mi355x-5:122432:122517 [5] NCCL INFO 51 : NET/7 GPU/7 GPU/6 GPU/3 GPU/1 GPU/4 GPU/2 GPU/5 GPU/0 NET/6
amd-mi355x-5:122432:122517 [5] NCCL INFO 52 : NET/0 GPU/0 GPU/1 GPU/2 GPU/4 GPU/3 GPU/6 GPU/5 GPU/7 NET/1
amd-mi355x-5:122432:122517 [5] NCCL INFO 53 : NET/1 GPU/1 GPU/0 GPU/4 GPU/7 GPU/3 GPU/5 GPU/2 GPU/6 NET/0
amd-mi355x-5:122432:122517 [5] NCCL INFO 54 : NET/2 GPU/2 GPU/3 GPU/0 GPU/5 GPU/6 GPU/1 GPU/7 GPU/4 NET/3
amd-mi355x-5:122432:122517 [5] NCCL INFO 55 : NET/3 GPU/3 GPU/2 GPU/7 GPU/0 GPU/6 GPU/4 GPU/1 GPU/5 NET/2
amd-mi355x-5:122432:122517 [5] NCCL INFO 56 : NET/6 GPU/6 GPU/7 GPU/5 GPU/3 GPU/4 GPU/0 GPU/2 GPU/1 NET/7
amd-mi355x-5:122432:122517 [5] NCCL INFO 57 : NET/7 GPU/7 GPU/6 GPU/3 GPU/1 GPU/4 GPU/2 GPU/5 GPU/0 NET/6
amd-mi355x-5:122432:122517 [5] NCCL INFO 58 : NET/0 GPU/0 GPU/1 GPU/2 GPU/4 GPU/3 GPU/6 GPU/5 GPU/7 NET/1
amd-mi355x-5:122432:122517 [5] NCCL INFO 59 : NET/1 GPU/1 GPU/0 GPU/4 GPU/7 GPU/3 GPU/5 GPU/2 GPU/6 NET/0
amd-mi355x-5:122432:122517 [5] NCCL INFO 60 : NET/2 GPU/2 GPU/3 GPU/0 GPU/5 GPU/6 GPU/1 GPU/7 GPU/4 NET/3
amd-mi355x-5:122432:122517 [5] NCCL INFO 61 : NET/3 GPU/3 GPU/2 GPU/7 GPU/0 GPU/6 GPU/4 GPU/1 GPU/5 NET/2
amd-mi355x-5:122432:122517 [5] NCCL INFO 62 : NET/4 GPU/4 GPU/5 GPU/1 GPU/6 GPU/0 GPU/3 GPU/7 GPU/2 NET/5
amd-mi355x-5:122432:122517 [5] NCCL INFO 63 : NET/5 GPU/5 GPU/4 GPU/6 GPU/2 GPU/0 GPU/7 GPU/1 GPU/3 NET/4
 NET/2
amd-mi355x-5:122426:122511 [0] NCCL INFO 62 : NET/4 GPU/4 GPU/5 GPU/1 GPU/6 GPU/0 GPU/3 GPU/7 GPU/2 NET/5
amd-mi355x-5:122426:122511 [0] NCCL INFO 63 : NET/5 GPU/5 GPU/4 GPU/6 GPU/2 GPU/0 GPU/7 GPU/1 GPU/3 NET/4
amd-mi355x-5:122426:122511 [0] NCCL INFO NCCL_GRAPH_DUMP_FILE set by environment to graph.xml
/1 GPU/4 GPU/2 GPU/5 GPU/0 NET/6
amd-mi355x-5:122434:122516 [7] NCCL INFO 52 : NET/0 GPU/0 GPU/1 GPU/2 GPU/4 GPU/3 GPU/6 GPU/5 GPU/7 NET/1
amd-mi355x-5:122434:122516 [7] NCCL INFO 53 : NET/1 GPU/1 GPU/0 GPU/4 GPU/7 GPU/3 GPU/5 GPU/2 GPU/6 NET/0
amd-mi355x-5:122434:122516 [7] NCCL INFO 54 : NET/2 GPU/2 GPU/3 GPU/0 GPU/5 GPU/6 GPU/1 GPU/7 GPU/4 NET/3
amd-mi355x-5:122434:122516 [7] NCCL INFO 55 : NET/3 GPU/3 GPU/2 GPU/7 GPU/0 GPU/6 GPU/4 GPU/1 GPU/5 NET/2
amd-mi355x-5:122434:122516 [7] NCCL INFO 56 : NET/6 GPU/6 GPU/7 GPU/5 GPU/3 GPU/4 GPU/0 GPU/2 GPU/1 NET/7
amd-mi355x-5:122434:122516 [7] NCCL INFO 57 : NET/7 GPU/7 GPU/6 GPU/3 GPU/1 GPU/4 GPU/2 GPU/5 GPU/0 NET/6
amd-mi355x-5:122434:122516 [7] NCCL INFO 58 : NET/0 GPU/0 GPU/1 GPU/2 GPU/4 GPU/3 GPU/6 GPU/5 GPU/7 NET/1
amd-mi355x-5:122434:122516 [7] NCCL INFO 59 : NET/1 GPU/1 GPU/0 GPU/4 GPU/7 GPU/3 GPU/5 GPU/2 GPU/6 NET/0
amd-mi355x-5:122434:122516 [7] NCCL INFO 60 : NET/2 GPU/2 GPU/3 GPU/0 GPU/5 GPU/6 GPU/1 GPU/7 GPU/4 NET/3
amd-mi355x-5:122434:122516 [7] NCCL INFO 61 : NET/3 GPU/3 GPU/2 GPU/7 GPU/0 GPU/6 GPU/4 GPU/1 GPU/5 NET/2
amd-mi355x-5:122434:122516 [7] NCCL INFO 62 : NET/4 GPU/4 GPU/5 GPU/1 GPU/6 GPU/0 GPU/3 GPU/7 GPU/2 NET/5
amd-mi355x-5:122434:122516 [7] NCCL INFO 63 : NET/5 GPU/5 GPU/4 GPU/6 GPU/2 GPU/0 GPU/7 GPU/1 GPU/3 NET/4
