# Collective test starting: all_reduce_perf
# nThread 1 nGpus 1 minBytes 4 maxBytes 8589934592 step: 2(factor) warmup iters: 5 iters: 20 agg iters: 1 validation: 1 graph: 0
#
rccl-tests: Version Unknown 
# Using devices
#  Rank  0 Group  0 Pid  85317 on amd-mi355x-5 device  0 [0000:05:00] AMD Instinct MI355X
#  Rank  1 Group  0 Pid  85318 on amd-mi355x-5 device  1 [0000:15:00] AMD Instinct MI355X
#  Rank  2 Group  0 Pid  85319 on amd-mi355x-5 device  2 [0000:65:00] AMD Instinct MI355X
#  Rank  3 Group  0 Pid  85320 on amd-mi355x-5 device  3 [0000:75:00] AMD Instinct MI355X
#
#                                                              out-of-place                       in-place          
#       size         count      type   redop    root     time   algbw   busbw #wrong     time   algbw   busbw #wrong                               
#        (B)    (elements)                               (us)  (GB/s)  (GB/s)            (us)  (GB/s)  (GB/s)                                      
           4             1     float     sum      -1    23.39    0.00    0.00      0    20.55    0.00    0.00      0
           8             2     float     sum      -1    20.59    0.00    0.00      0    20.27    0.00    0.00      0
          16             4     float     sum      -1    20.27    0.00    0.00      0    20.18    0.00    0.00      0
          32             8     float     sum      -1    22.36    0.00    0.00      0    24.05    0.00    0.00      0
          64            16     float     sum      -1    25.74    0.00    0.00      0    26.19    0.00    0.00      0
         128            32     float     sum      -1    25.94    0.00    0.01      0    25.67    0.00    0.01      0
         256            64     float     sum      -1    25.67    0.01    0.01      0    25.97    0.01    0.01      0
         512           128     float     sum      -1    26.24    0.02    0.03      0    26.04    0.02    0.03      0
        1024           256     float     sum      -1    26.53    0.04    0.06      0    26.08    0.04    0.06      0
        2048           512     float     sum      -1    26.51    0.08    0.12      0    26.67    0.08    0.12      0
        4096          1024     float     sum      -1    27.75    0.15    0.22      0    27.34    0.15    0.22      0
        8192          2048     float     sum      -1    29.33    0.28    0.42      0    28.53    0.29    0.43      0
       16384          4096     float     sum      -1    31.07    0.53    0.79      0    28.93    0.57    0.85      0
       32768          8192     float     sum      -1    32.99    0.99    1.49      0    30.10    1.09    1.63      0
       65536         16384     float     sum      -1    32.29    2.03    3.04      0    30.14    2.17    3.26      0
      131072         32768     float     sum      -1    30.15    4.35    6.52      0    29.99    4.37    6.56      0
      262144         65536     float     sum      -1    30.37    8.63   12.95      0    29.94    8.75   13.13      0
      524288        131072     float     sum      -1    34.53   15.18   22.78      0    34.15   15.35   23.03      0
     1048576        262144     float     sum      -1    40.16   26.11   39.16      0    40.33   26.00   39.00      0
     2097152        524288     float     sum      -1    53.53   39.18   58.77      0    53.58   39.14   58.71      0
     4194304       1048576     float     sum      -1    82.25   50.99   76.49      0    82.37   50.92   76.38      0
     8388608       2097152     float     sum      -1    134.8   62.24   93.36      0    134.9   62.18   93.27      0
    16777216       4194304     float     sum      -1    237.1   70.77  106.16      0    235.6   71.22  106.83      0
    33554432       8388608     float     sum      -1    432.5   77.58  116.37      0    431.5   77.76  116.64      0
    67108864      16777216     float     sum      -1    803.5   83.52  125.28      0    806.6   83.20  124.80      0
   134217728      33554432     float     sum      -1   1553.8   86.38  129.57      0   1554.2   86.36  129.54      0
   268435456      67108864     float     sum      -1   3071.6   87.39  131.09      0   3071.2   87.40  131.11      0
   536870912     134217728     float     sum      -1   6056.6   88.64  132.96      0   6063.4   88.54  132.81      0
  1073741824     268435456     float     sum      -1    12081   88.88  133.32      0    12078   88.90  133.35      0
  2147483648     536870912     float     sum      -1    24104   89.09  133.64      0    24137   88.97  133.46      0
  4294967296    1073741824     float     sum      -1    48451   88.65  132.97      0    48362   88.81  133.21      0
  8589934592    2147483648     float     sum      -1    96813   88.73  133.09      0    96865   88.68  133.02      0
# Errors with asterisks indicate errors that have exceeded the maximum threshold.
# Out of bounds values : 0 OK
# Avg bus bandwidth    : 49.721 
#
# Collective test concluded: all_reduce_perf

